<?xml version="1.0" encoding="UTF-8"?>
<coverage generated="1750174189617" clover="3.2.0">
  <project timestamp="1750174189617" name="All files">
    <metrics statements="466" coveredstatements="306" conditionals="274" coveredconditionals="178" methods="140" coveredmethods="96" elements="880" coveredelements="580" complexity="0" loc="466" ncloc="466" packages="8" files="20" classes="20"/>
    <package name="components">
      <metrics statements="43" coveredstatements="42" conditionals="84" coveredconditionals="77" methods="13" coveredmethods="12"/>
      <file name="AnimatedCard.tsx" path="/Users/dev/Desktop/Projects/RNTP/src/components/AnimatedCard.tsx">
        <metrics statements="11" coveredstatements="11" conditionals="4" coveredconditionals="3" methods="3" coveredmethods="3"/>
        <line num="14" count="3" type="stmt"/>
        <line num="21" count="71" type="stmt"/>
        <line num="22" count="71" type="stmt"/>
        <line num="24" count="71" type="stmt"/>
        <line num="25" count="35" type="stmt"/>
        <line num="42" count="71" type="stmt"/>
        <line num="43" count="3" type="cond" truecount="1" falsecount="1"/>
        <line num="44" count="3" type="stmt"/>
        <line num="56" count="3" type="stmt"/>
        <line num="60" count="71" type="stmt"/>
        <line num="87" count="3" type="stmt"/>
      </file>
      <file name="Button.tsx" path="/Users/dev/Desktop/Projects/RNTP/src/components/Button.tsx">
        <metrics statements="13" coveredstatements="13" conditionals="28" coveredconditionals="26" methods="4" coveredmethods="4"/>
        <line num="16" count="6" type="stmt"/>
        <line num="25" count="212" type="stmt"/>
        <line num="27" count="212" type="stmt"/>
        <line num="28" count="1" type="stmt"/>
        <line num="34" count="212" type="stmt"/>
        <line num="35" count="1" type="stmt"/>
        <line num="41" count="212" type="stmt"/>
        <line num="42" count="22" type="cond" truecount="3" falsecount="1"/>
        <line num="43" count="22" type="stmt"/>
        <line num="47" count="212" type="cond" truecount="2" falsecount="0"/>
        <line num="48" count="122" type="stmt"/>
        <line num="78" count="90" type="stmt"/>
        <line num="107" count="6" type="stmt"/>
      </file>
      <file name="CustomInput.tsx" path="/Users/dev/Desktop/Projects/RNTP/src/components/CustomInput.tsx">
        <metrics statements="11" coveredstatements="10" conditionals="46" coveredconditionals="42" methods="4" coveredmethods="3"/>
        <line num="34" count="5" type="stmt"/>
        <line num="49" count="371" type="stmt"/>
        <line num="50" count="371" type="stmt"/>
        <line num="52" count="371" type="stmt"/>
        <line num="53" count="7" type="stmt"/>
        <line num="54" count="7" type="stmt"/>
        <line num="57" count="371" type="stmt"/>
        <line num="59" count="371" type="stmt"/>
        <line num="92" count="2" type="stmt"/>
        <line num="133" count="0" type="stmt"/>
        <line num="142" count="5" type="stmt"/>
      </file>
      <file name="GradientBackground.tsx" path="/Users/dev/Desktop/Projects/RNTP/src/components/GradientBackground.tsx">
        <metrics statements="4" coveredstatements="4" conditionals="1" coveredconditionals="1" methods="1" coveredmethods="1"/>
        <line num="5" count="1" type="stmt"/>
        <line num="13" count="1" type="stmt"/>
        <line num="18" count="7" type="stmt"/>
        <line num="30" count="1" type="stmt"/>
      </file>
      <file name="JournalEntryCard.tsx" path="/Users/dev/Desktop/Projects/RNTP/src/components/JournalEntryCard.tsx">
        <metrics statements="4" coveredstatements="4" conditionals="5" coveredconditionals="5" methods="1" coveredmethods="1"/>
        <line num="15" count="2" type="stmt"/>
        <line num="20" count="64" type="stmt"/>
        <line num="22" count="64" type="stmt"/>
        <line num="65" count="2" type="stmt"/>
      </file>
    </package>
    <package name="config">
      <metrics statements="33" coveredstatements="7" conditionals="10" coveredconditionals="2" methods="7" coveredmethods="0"/>
      <file name="api.ts" path="/Users/dev/Desktop/Projects/RNTP/src/config/api.ts">
        <metrics statements="33" coveredstatements="7" conditionals="10" coveredconditionals="2" methods="7" coveredmethods="0"/>
        <line num="4" count="4" type="stmt"/>
        <line num="6" count="4" type="stmt"/>
        <line num="7" count="0" type="stmt"/>
        <line num="8" count="0" type="cond" truecount="0" falsecount="2"/>
        <line num="9" count="0" type="stmt"/>
        <line num="12" count="0" type="stmt"/>
        <line num="14" count="0" type="cond" truecount="0" falsecount="2"/>
        <line num="15" count="0" type="stmt"/>
        <line num="18" count="0" type="stmt"/>
        <line num="20" count="0" type="stmt"/>
        <line num="24" count="4" type="stmt"/>
        <line num="25" count="0" type="stmt"/>
        <line num="26" count="0" type="stmt"/>
        <line num="28" count="0" type="stmt"/>
        <line num="29" count="0" type="stmt"/>
        <line num="31" count="0" type="stmt"/>
        <line num="35" count="4" type="stmt"/>
        <line num="36" count="0" type="stmt"/>
        <line num="37" count="0" type="stmt"/>
        <line num="38" count="0" type="stmt"/>
        <line num="40" count="0" type="stmt"/>
        <line num="44" count="4" type="stmt"/>
        <line num="52" count="4" type="stmt"/>
        <line num="54" count="0" type="stmt"/>
        <line num="55" count="0" type="cond" truecount="0" falsecount="2"/>
        <line num="56" count="0" type="stmt"/>
        <line num="58" count="0" type="stmt"/>
        <line num="61" count="0" type="stmt"/>
        <line num="65" count="4" type="stmt"/>
        <line num="67" count="0" type="stmt"/>
        <line num="70" count="0" type="cond" truecount="0" falsecount="2"/>
        <line num="71" count="0" type="stmt"/>
        <line num="73" count="0" type="stmt"/>
      </file>
    </package>
    <package name="constants">
      <metrics statements="4" coveredstatements="4" conditionals="0" coveredconditionals="0" methods="1" coveredmethods="1"/>
      <file name="backgroundElements.tsx" path="/Users/dev/Desktop/Projects/RNTP/src/constants/backgroundElements.tsx">
        <metrics statements="4" coveredstatements="4" conditionals="0" coveredconditionals="0" methods="1" coveredmethods="1"/>
        <line num="4" count="6" type="stmt"/>
        <line num="6" count="6" type="stmt"/>
        <line num="7" count="167" type="stmt"/>
        <line num="26" count="6" type="stmt"/>
      </file>
    </package>
    <package name="screens">
      <metrics statements="318" coveredstatements="189" conditionals="152" coveredconditionals="76" methods="91" coveredmethods="55"/>
      <file name="JournalDetailScreen.tsx" path="/Users/dev/Desktop/Projects/RNTP/src/screens/JournalDetailScreen.tsx">
        <metrics statements="67" coveredstatements="16" conditionals="24" coveredconditionals="6" methods="18" coveredmethods="4"/>
        <line num="12" count="1" type="stmt"/>
        <line num="13" count="7" type="stmt"/>
        <line num="14" count="7" type="stmt"/>
        <line num="15" count="7" type="stmt"/>
        <line num="16" count="7" type="stmt"/>
        <line num="17" count="7" type="stmt"/>
        <line num="18" count="7" type="stmt"/>
        <line num="19" count="7" type="stmt"/>
        <line num="20" count="7" type="stmt"/>
        <line num="22" count="7" type="stmt"/>
        <line num="23" count="0" type="stmt"/>
        <line num="24" count="0" type="stmt"/>
        <line num="25" count="0" type="cond" truecount="0" falsecount="4"/>
        <line num="26" count="0" type="stmt"/>
        <line num="27" count="0" type="stmt"/>
        <line num="28" count="0" type="stmt"/>
        <line num="30" count="0" type="stmt"/>
        <line num="31" count="0" type="stmt"/>
        <line num="32" count="0" type="stmt"/>
        <line num="34" count="0" type="stmt"/>
        <line num="36" count="0" type="stmt"/>
        <line num="38" count="0" type="stmt"/>
        <line num="39" count="0" type="stmt"/>
        <line num="40" count="0" type="stmt"/>
        <line num="44" count="7" type="stmt"/>
        <line num="45" count="7" type="cond" truecount="2" falsecount="2"/>
        <line num="46" count="0" type="stmt"/>
        <line num="48" count="0" type="stmt"/>
        <line num="49" count="0" type="stmt"/>
        <line num="50" count="0" type="cond" truecount="0" falsecount="2"/>
        <line num="51" count="0" type="stmt"/>
        <line num="55" count="0" type="stmt"/>
        <line num="59" count="7" type="stmt"/>
        <line num="60" count="0" type="stmt"/>
        <line num="61" count="0" type="stmt"/>
        <line num="62" count="0" type="stmt"/>
        <line num="67" count="0" type="stmt"/>
        <line num="68" count="0" type="stmt"/>
        <line num="69" count="0" type="stmt"/>
        <line num="71" count="0" type="cond" truecount="0" falsecount="4"/>
        <line num="72" count="0" type="stmt"/>
        <line num="74" count="0" type="stmt"/>
        <line num="75" count="0" type="stmt"/>
        <line num="76" count="0" type="stmt"/>
        <line num="77" count="0" type="cond" truecount="0" falsecount="2"/>
        <line num="78" count="0" type="stmt"/>
        <line num="84" count="0" type="stmt"/>
        <line num="90" count="0" type="stmt"/>
        <line num="94" count="7" type="stmt"/>
        <line num="95" count="0" type="stmt"/>
        <line num="107" count="0" type="stmt"/>
        <line num="108" count="0" type="stmt"/>
        <line num="109" count="0" type="stmt"/>
        <line num="110" count="0" type="stmt"/>
        <line num="111" count="0" type="stmt"/>
        <line num="113" count="0" type="stmt"/>
        <line num="120" count="0" type="stmt"/>
        <line num="128" count="7" type="stmt"/>
        <line num="142" count="0" type="stmt"/>
        <line num="147" count="0" type="stmt"/>
        <line num="153" count="0" type="stmt"/>
        <line num="154" count="0" type="stmt"/>
        <line num="160" count="0" type="stmt"/>
        <line num="161" count="0" type="stmt"/>
        <line num="178" count="0" type="stmt"/>
        <line num="187" count="0" type="stmt"/>
        <line num="254" count="1" type="stmt"/>
      </file>
      <file name="JournalListScreen.tsx" path="/Users/dev/Desktop/Projects/RNTP/src/screens/JournalListScreen.tsx">
        <metrics statements="41" coveredstatements="34" conditionals="16" coveredconditionals="10" methods="24" coveredmethods="20"/>
        <line num="11" count="1" type="stmt"/>
        <line num="12" count="36" type="stmt"/>
        <line num="13" count="36" type="stmt"/>
        <line num="14" count="36" type="stmt"/>
        <line num="15" count="36" type="stmt"/>
        <line num="16" count="36" type="stmt"/>
        <line num="17" count="36" type="stmt"/>
        <line num="18" count="36" type="stmt"/>
        <line num="19" count="36" type="stmt"/>
        <line num="21" count="36" type="stmt"/>
        <line num="22" count="12" type="stmt"/>
        <line num="23" count="12" type="stmt"/>
        <line num="24" count="12" type="stmt"/>
        <line num="25" count="11" type="stmt"/>
        <line num="27" count="1" type="stmt"/>
        <line num="33" count="12" type="stmt"/>
        <line num="37" count="36" type="stmt"/>
        <line num="38" count="12" type="stmt"/>
        <line num="41" count="36" type="stmt"/>
        <line num="42" count="60" type="cond" truecount="2" falsecount="0"/>
        <line num="44" count="24" type="cond" truecount="1" falsecount="1"/>
        <line num="45" count="24" type="stmt"/>
        <line num="49" count="0" type="cond" truecount="0" falsecount="4"/>
        <line num="52" count="36" type="stmt"/>
        <line num="54" count="60" type="stmt"/>
        <line num="58" count="36" type="stmt"/>
        <line num="59" count="54" type="stmt"/>
        <line num="61" count="1" type="stmt"/>
        <line num="65" count="36" type="stmt"/>
        <line num="75" count="70" type="stmt"/>
        <line num="77" count="60" type="stmt"/>
        <line num="80" count="2" type="cond" truecount="2" falsecount="0"/>
        <line num="91" count="0" type="stmt"/>
        <line num="93" count="0" type="stmt"/>
        <line num="100" count="0" type="stmt"/>
        <line num="101" count="0" type="stmt"/>
        <line num="108" count="0" type="stmt"/>
        <line num="109" count="0" type="stmt"/>
        <line num="130" count="64" type="stmt"/>
        <line num="138" count="1" type="stmt"/>
        <line num="145" count="1" type="stmt"/>
      </file>
      <file name="LoginScreen.tsx" path="/Users/dev/Desktop/Projects/RNTP/src/screens/LoginScreen.tsx">
        <metrics statements="55" coveredstatements="55" conditionals="18" coveredconditionals="17" methods="11" coveredmethods="11"/>
        <line num="11" count="1" type="stmt"/>
        <line num="12" count="7" type="cond" truecount="2" falsecount="0"/>
        <line num="13" count="1" type="stmt"/>
        <line num="15" count="6" type="stmt"/>
        <line num="16" count="6" type="cond" truecount="2" falsecount="0"/>
        <line num="17" count="3" type="stmt"/>
        <line num="19" count="3" type="stmt"/>
        <line num="22" count="1" type="stmt"/>
        <line num="23" count="8" type="cond" truecount="2" falsecount="0"/>
        <line num="24" count="4" type="stmt"/>
        <line num="26" count="4" type="cond" truecount="2" falsecount="0"/>
        <line num="27" count="1" type="stmt"/>
        <line num="29" count="3" type="stmt"/>
        <line num="32" count="1" type="stmt"/>
        <line num="33" count="39" type="stmt"/>
        <line num="34" count="39" type="stmt"/>
        <line num="35" count="39" type="stmt"/>
        <line num="36" count="39" type="stmt"/>
        <line num="37" count="39" type="stmt"/>
        <line num="38" count="39" type="stmt"/>
        <line num="39" count="117" type="stmt"/>
        <line num="41" count="39" type="stmt"/>
        <line num="42" count="8" type="stmt"/>
        <line num="43" count="8" type="cond" truecount="2" falsecount="0"/>
        <line num="44" count="1" type="stmt"/>
        <line num="48" count="39" type="stmt"/>
        <line num="49" count="8" type="stmt"/>
        <line num="50" count="8" type="cond" truecount="2" falsecount="0"/>
        <line num="51" count="1" type="stmt"/>
        <line num="55" count="39" type="stmt"/>
        <line num="56" count="2" type="stmt"/>
        <line num="57" count="2" type="stmt"/>
        <line num="60" count="39" type="stmt"/>
        <line num="61" count="3" type="stmt"/>
        <line num="62" count="3" type="stmt"/>
        <line num="65" count="39" type="stmt"/>
        <line num="66" count="5" type="stmt"/>
        <line num="67" count="5" type="stmt"/>
        <line num="69" count="5" type="stmt"/>
        <line num="70" count="5" type="stmt"/>
        <line num="72" count="5" type="cond" truecount="4" falsecount="0"/>
        <line num="73" count="2" type="stmt"/>
        <line num="74" count="2" type="stmt"/>
        <line num="77" count="3" type="stmt"/>
        <line num="78" count="3" type="stmt"/>
        <line num="79" count="3" type="stmt"/>
        <line num="81" count="3" type="stmt"/>
        <line num="83" count="2" type="cond" truecount="1" falsecount="1"/>
        <line num="84" count="2" type="stmt"/>
        <line num="87" count="1" type="stmt"/>
        <line num="93" count="3" type="stmt"/>
        <line num="97" count="39" type="stmt"/>
        <line num="133" count="1" type="stmt"/>
        <line num="141" count="1" type="stmt"/>
        <line num="151" count="1" type="stmt"/>
      </file>
      <file name="NewJournalScreen.tsx" path="/Users/dev/Desktop/Projects/RNTP/src/screens/NewJournalScreen.tsx">
        <metrics statements="16" coveredstatements="16" conditionals="9" coveredconditionals="8" methods="3" coveredmethods="3"/>
        <line num="11" count="1" type="stmt"/>
        <line num="12" count="32" type="stmt"/>
        <line num="13" count="32" type="stmt"/>
        <line num="14" count="32" type="stmt"/>
        <line num="15" count="32" type="stmt"/>
        <line num="17" count="32" type="stmt"/>
        <line num="18" count="5" type="cond" truecount="3" falsecount="1"/>
        <line num="20" count="5" type="stmt"/>
        <line num="21" count="5" type="stmt"/>
        <line num="23" count="5" type="stmt"/>
        <line num="25" count="4" type="stmt"/>
        <line num="26" count="4" type="stmt"/>
        <line num="28" count="1" type="stmt"/>
        <line num="34" count="5" type="stmt"/>
        <line num="38" count="32" type="stmt"/>
        <line num="83" count="1" type="stmt"/>
      </file>
      <file name="ProfileScreen.tsx" path="/Users/dev/Desktop/Projects/RNTP/src/screens/ProfileScreen.tsx">
        <metrics statements="109" coveredstatements="40" conditionals="70" coveredconditionals="24" methods="30" coveredmethods="12"/>
        <line num="15" count="1" type="stmt"/>
        <line num="18" count="1" type="stmt"/>
        <line num="24" count="32" type="stmt"/>
        <line num="39" count="1" type="stmt"/>
        <line num="40" count="0" type="stmt"/>
        <line num="41" count="0" type="stmt"/>
        <line num="42" count="0" type="stmt"/>
        <line num="44" count="0" type="stmt"/>
        <line num="45" count="0" type="stmt"/>
        <line num="46" count="0" type="stmt"/>
        <line num="47" count="0" type="stmt"/>
        <line num="49" count="0" type="stmt"/>
        <line num="50" count="0" type="stmt"/>
        <line num="53" count="0" type="stmt"/>
        <line num="61" count="0" type="stmt"/>
        <line num="64" count="0" type="stmt"/>
        <line num="65" count="0" type="stmt"/>
        <line num="66" count="0" type="stmt"/>
        <line num="68" count="0" type="stmt"/>
        <line num="75" count="0" type="stmt"/>
        <line num="87" count="0" type="stmt"/>
        <line num="88" count="0" type="cond" truecount="0" falsecount="2"/>
        <line num="92" count="0" type="stmt"/>
        <line num="126" count="1" type="stmt"/>
        <line num="127" count="25" type="stmt"/>
        <line num="128" count="25" type="stmt"/>
        <line num="129" count="25" type="stmt"/>
        <line num="130" count="25" type="stmt"/>
        <line num="132" count="8" type="stmt"/>
        <line num="133" count="8" type="stmt"/>
        <line num="136" count="8" type="stmt"/>
        <line num="137" count="7" type="stmt"/>
        <line num="138" count="0" type="cond" truecount="0" falsecount="2"/>
        <line num="141" count="7" type="cond" truecount="1" falsecount="1"/>
        <line num="142" count="0" type="stmt"/>
        <line num="144" count="0" type="stmt"/>
        <line num="145" count="0" type="stmt"/>
        <line num="146" count="0" type="stmt"/>
        <line num="147" count="0" type="stmt"/>
        <line num="149" count="0" type="stmt"/>
        <line num="150" count="0" type="cond" truecount="0" falsecount="2"/>
        <line num="153" count="0" type="cond" truecount="0" falsecount="2"/>
        <line num="154" count="0" type="stmt"/>
        <line num="155" count="0" type="stmt"/>
        <line num="157" count="0" type="stmt"/>
        <line num="159" count="0" type="stmt"/>
        <line num="160" count="0" type="stmt"/>
        <line num="161" count="0" type="stmt"/>
        <line num="165" count="0" type="stmt"/>
        <line num="166" count="0" type="stmt"/>
        <line num="167" count="0" type="cond" truecount="0" falsecount="2"/>
        <line num="168" count="0" type="stmt"/>
        <line num="172" count="0" type="stmt"/>
        <line num="176" count="8" type="stmt"/>
        <line num="177" count="0" type="stmt"/>
        <line num="178" count="0" type="stmt"/>
        <line num="179" count="0" type="stmt"/>
        <line num="180" count="0" type="stmt"/>
        <line num="182" count="0" type="stmt"/>
        <line num="184" count="0" type="stmt"/>
        <line num="188" count="8" type="stmt"/>
        <line num="189" count="0" type="cond" truecount="0" falsecount="2"/>
        <line num="191" count="0" type="stmt"/>
        <line num="192" count="0" type="stmt"/>
        <line num="195" count="0" type="stmt"/>
        <line num="196" count="0" type="stmt"/>
        <line num="197" count="0" type="stmt"/>
        <line num="199" count="0" type="stmt"/>
        <line num="200" count="0" type="stmt"/>
        <line num="201" count="0" type="stmt"/>
        <line num="203" count="0" type="stmt"/>
        <line num="204" count="0" type="stmt"/>
        <line num="206" count="0" type="cond" truecount="0" falsecount="2"/>
        <line num="207" count="0" type="stmt"/>
        <line num="208" count="0" type="stmt"/>
        <line num="209" count="0" type="cond" truecount="0" falsecount="2"/>
        <line num="210" count="0" type="stmt"/>
        <line num="212" count="0" type="stmt"/>
        <line num="216" count="0" type="stmt"/>
        <line num="219" count="8" type="stmt"/>
        <line num="220" count="7" type="stmt"/>
        <line num="221" count="7" type="cond" truecount="1" falsecount="1"/>
        <line num="222" count="0" type="cond" truecount="0" falsecount="2"/>
        <line num="225" count="7" type="cond" truecount="1" falsecount="1"/>
        <line num="227" count="0" type="stmt"/>
        <line num="229" count="0" type="cond" truecount="0" falsecount="2"/>
        <line num="230" count="0" type="stmt"/>
        <line num="234" count="7" type="cond" truecount="1" falsecount="1"/>
        <line num="235" count="0" type="cond" truecount="0" falsecount="2"/>
        <line num="238" count="7" type="cond" truecount="1" falsecount="1"/>
        <line num="240" count="7" type="stmt"/>
        <line num="248" count="8" type="stmt"/>
        <line num="249" count="2" type="stmt"/>
        <line num="261" count="2" type="stmt"/>
        <line num="262" count="2" type="stmt"/>
        <line num="263" count="1" type="stmt"/>
        <line num="265" count="1" type="stmt"/>
        <line num="277" count="8" type="stmt"/>
        <line num="278" count="8" type="cond" truecount="4" falsecount="0"/>
        <line num="279" count="5" type="cond" truecount="1" falsecount="1"/>
        <line num="280" count="5" type="cond" truecount="1" falsecount="1"/>
        <line num="281" count="5" type="stmt"/>
        <line num="284" count="8" type="stmt"/>
        <line num="285" count="8" type="cond" truecount="4" falsecount="0"/>
        <line num="286" count="5" type="cond" truecount="2" falsecount="2"/>
        <line num="288" count="3" type="cond" truecount="2" falsecount="0"/>
        <line num="291" count="8" type="stmt"/>
        <line num="374" count="0" type="stmt"/>
        <line num="413" count="1" type="stmt"/>
      </file>
      <file name="SignUpScreen.tsx" path="/Users/dev/Desktop/Projects/RNTP/src/screens/SignUpScreen.tsx">
        <metrics statements="30" coveredstatements="28" conditionals="15" coveredconditionals="11" methods="5" coveredmethods="5"/>
        <line num="11" count="1" type="stmt"/>
        <line num="12" count="45" type="stmt"/>
        <line num="13" count="45" type="stmt"/>
        <line num="14" count="45" type="stmt"/>
        <line num="15" count="45" type="stmt"/>
        <line num="16" count="45" type="stmt"/>
        <line num="17" count="45" type="stmt"/>
        <line num="18" count="45" type="stmt"/>
        <line num="20" count="134" type="stmt"/>
        <line num="22" count="45" type="stmt"/>
        <line num="23" count="6" type="cond" truecount="7" falsecount="0"/>
        <line num="24" count="2" type="stmt"/>
        <line num="25" count="2" type="stmt"/>
        <line num="28" count="4" type="cond" truecount="2" falsecount="0"/>
        <line num="29" count="1" type="stmt"/>
        <line num="30" count="1" type="stmt"/>
        <line num="33" count="3" type="stmt"/>
        <line num="34" count="3" type="stmt"/>
        <line num="35" count="3" type="stmt"/>
        <line num="37" count="3" type="stmt"/>
        <line num="45" count="1" type="cond" truecount="1" falsecount="1"/>
        <line num="46" count="1" type="stmt"/>
        <line num="48" count="0" type="stmt"/>
        <line num="49" count="0" type="stmt"/>
        <line num="58" count="1" type="stmt"/>
        <line num="64" count="2" type="stmt"/>
        <line num="68" count="45" type="stmt"/>
        <line num="125" count="1" type="stmt"/>
        <line num="133" count="1" type="stmt"/>
        <line num="143" count="1" type="stmt"/>
      </file>
    </package>
    <package name="services">
      <metrics statements="42" coveredstatements="39" conditionals="22" coveredconditionals="17" methods="8" coveredmethods="8"/>
      <file name="auth.ts" path="/Users/dev/Desktop/Projects/RNTP/src/services/auth.ts">
        <metrics statements="22" coveredstatements="19" conditionals="12" coveredconditionals="11" methods="3" coveredmethods="3"/>
        <line num="4" count="1" type="stmt"/>
        <line num="6" count="3" type="stmt"/>
        <line num="7" count="3" type="stmt"/>
        <line num="12" count="1" type="cond" truecount="1" falsecount="1"/>
        <line num="13" count="1" type="stmt"/>
        <line num="14" count="1" type="stmt"/>
        <line num="17" count="1" type="stmt"/>
        <line num="19" count="2" type="stmt"/>
        <line num="23" count="2" type="cond" truecount="2" falsecount="0"/>
        <line num="28" count="4" type="stmt"/>
        <line num="29" count="4" type="stmt"/>
        <line num="34" count="2" type="cond" truecount="2" falsecount="0"/>
        <line num="35" count="1" type="stmt"/>
        <line num="37" count="1" type="stmt"/>
        <line num="40" count="2" type="stmt"/>
        <line num="42" count="2" type="cond" truecount="2" falsecount="0"/>
        <line num="43" count="2" type="cond" truecount="2" falsecount="0"/>
        <line num="48" count="2" type="stmt"/>
        <line num="49" count="2" type="stmt"/>
        <line num="51" count="0" type="stmt"/>
        <line num="52" count="0" type="stmt"/>
        <line num="53" count="0" type="stmt"/>
      </file>
      <file name="journal.ts" path="/Users/dev/Desktop/Projects/RNTP/src/services/journal.ts">
        <metrics statements="20" coveredstatements="20" conditionals="10" coveredconditionals="6" methods="5" coveredmethods="5"/>
        <line num="4" count="5" type="stmt"/>
        <line num="6" count="3" type="stmt"/>
        <line num="7" count="3" type="stmt"/>
        <line num="8" count="1" type="stmt"/>
        <line num="10" count="2" type="stmt"/>
        <line num="17" count="2" type="stmt"/>
        <line num="18" count="2" type="stmt"/>
        <line num="19" count="1" type="stmt"/>
        <line num="21" count="1" type="stmt"/>
        <line num="28" count="2" type="stmt"/>
        <line num="29" count="2" type="stmt"/>
        <line num="33" count="1" type="stmt"/>
        <line num="35" count="1" type="stmt"/>
        <line num="45" count="2" type="stmt"/>
        <line num="46" count="2" type="stmt"/>
        <line num="50" count="1" type="stmt"/>
        <line num="52" count="1" type="stmt"/>
        <line num="59" count="2" type="stmt"/>
        <line num="60" count="2" type="stmt"/>
        <line num="62" count="1" type="stmt"/>
      </file>
    </package>
    <package name="store">
      <metrics statements="14" coveredstatements="14" conditionals="2" coveredconditionals="2" methods="17" coveredmethods="17"/>
      <file name="useStore.ts" path="/Users/dev/Desktop/Projects/RNTP/src/store/useStore.ts">
        <metrics statements="14" coveredstatements="14" conditionals="2" coveredconditionals="2" methods="17" coveredmethods="17"/>
        <line num="21" count="7" type="stmt"/>
        <line num="30" count="5" type="stmt"/>
        <line num="31" count="1" type="stmt"/>
        <line num="32" count="3" type="stmt"/>
        <line num="34" count="5" type="stmt"/>
        <line num="35" count="1" type="stmt"/>
        <line num="37" count="1" type="stmt"/>
        <line num="38" count="2" type="cond" truecount="2" falsecount="0"/>
        <line num="41" count="1" type="stmt"/>
        <line num="42" count="2" type="stmt"/>
        <line num="44" count="1" type="stmt"/>
        <line num="45" count="1" type="stmt"/>
        <line num="46" count="3" type="stmt"/>
        <line num="47" count="2" type="stmt"/>
      </file>
    </package>
    <package name="types">
      <metrics statements="0" coveredstatements="0" conditionals="0" coveredconditionals="0" methods="0" coveredmethods="0"/>
      <file name="auth.ts" path="/Users/dev/Desktop/Projects/RNTP/src/types/auth.ts">
        <metrics statements="0" coveredstatements="0" conditionals="0" coveredconditionals="0" methods="0" coveredmethods="0"/>
      </file>
    </package>
    <package name="utils">
      <metrics statements="12" coveredstatements="11" conditionals="4" coveredconditionals="4" methods="3" coveredmethods="3"/>
      <file name="constants.ts" path="/Users/dev/Desktop/Projects/RNTP/src/utils/constants.ts">
        <metrics statements="1" coveredstatements="0" conditionals="0" coveredconditionals="0" methods="0" coveredmethods="0"/>
        <line num="3" count="0" type="stmt"/>
      </file>
      <file name="dateUtils.ts" path="/Users/dev/Desktop/Projects/RNTP/src/utils/dateUtils.ts">
        <metrics statements="3" coveredstatements="3" conditionals="0" coveredconditionals="0" methods="1" coveredmethods="1"/>
        <line num="1" count="5" type="stmt"/>
        <line num="2" count="78" type="stmt"/>
        <line num="3" count="78" type="stmt"/>
      </file>
      <file name="moodUtils.ts" path="/Users/dev/Desktop/Projects/RNTP/src/utils/moodUtils.ts">
        <metrics statements="8" coveredstatements="8" conditionals="4" coveredconditionals="4" methods="2" coveredmethods="2"/>
        <line num="1" count="4" type="stmt"/>
        <line num="2" count="73" type="stmt"/>
        <line num="12" count="73" type="stmt"/>
        <line num="13" count="73" type="cond" truecount="2" falsecount="0"/>
        <line num="16" count="4" type="stmt"/>
        <line num="17" count="81" type="stmt"/>
        <line num="27" count="81" type="stmt"/>
        <line num="28" count="81" type="cond" truecount="2" falsecount="0"/>
      </file>
    </package>
  </project>
</coverage>
