{"/Users/dev/Desktop/Projects/RNTP/src/components/AnimatedCard.tsx": {"path":"/Users/dev/Desktop/Projects/RNTP/src/components/AnimatedCard.tsx","statementMap":{"0":{"start":{"line":14,"column":28},"end":{"line":85,"column":1}},"1":{"start":{"line":21,"column":20},"end":{"line":21,"column":57}},"2":{"start":{"line":22,"column":22},"end":{"line":22,"column":59}},"3":{"start":{"line":24,"column":2},"end":{"line":40,"column":38}},"4":{"start":{"line":25,"column":4},"end":{"line":39,"column":15}},"5":{"start":{"line":42,"column":22},"end":{"line":58,"column":3}},"6":{"start":{"line":43,"column":4},"end":{"line":57,"column":5}},"7":{"start":{"line":44,"column":6},"end":{"line":55,"column":17}},"8":{"start":{"line":56,"column":6},"end":{"line":56,"column":16}},"9":{"start":{"line":60,"column":2},"end":{"line":84,"column":4}},"10":{"start":{"line":87,"column":15},"end":{"line":113,"column":2}}},"fnMap":{"0":{"name":"(anonymous_0)","decl":{"start":{"line":14,"column":28},"end":{"line":14,"column":29}},"loc":{"start":{"line":20,"column":25},"end":{"line":85,"column":1}},"line":20},"1":{"name":"(anonymous_1)","decl":{"start":{"line":24,"column":12},"end":{"line":24,"column":13}},"loc":{"start":{"line":24,"column":18},"end":{"line":40,"column":3}},"line":24},"2":{"name":"(anonymous_2)","decl":{"start":{"line":42,"column":22},"end":{"line":42,"column":23}},"loc":{"start":{"line":42,"column":28},"end":{"line":58,"column":3}},"line":42}},"branchMap":{"0":{"loc":{"start":{"line":17,"column":2},"end":{"line":17,"column":61}},"type":"default-arg","locations":[{"start":{"line":17,"column":11},"end":{"line":17,"column":61}}],"line":17},"1":{"loc":{"start":{"line":19,"column":2},"end":{"line":19,"column":11}},"type":"default-arg","locations":[{"start":{"line":19,"column":10},"end":{"line":19,"column":11}}],"line":19},"2":{"loc":{"start":{"line":43,"column":4},"end":{"line":57,"column":5}},"type":"if","locations":[{"start":{"line":43,"column":4},"end":{"line":57,"column":5}},{"start":{},"end":{}}],"line":43}},"s":{"0":3,"1":71,"2":71,"3":71,"4":35,"5":71,"6":3,"7":3,"8":3,"9":71,"10":3},"f":{"0":71,"1":35,"2":3},"b":{"0":[6],"1":[6],"2":[3,0]},"_coverageSchema":"1a1c01bbd47fc00a2c39e90264f33305004495a9","hash":"c54ab58326ac13b394278d8fb9aa1c3528758dfb"}
,"/Users/dev/Desktop/Projects/RNTP/src/components/Button.tsx": {"path":"/Users/dev/Desktop/Projects/RNTP/src/components/Button.tsx","statementMap":{"0":{"start":{"line":16,"column":22},"end":{"line":105,"column":1}},"1":{"start":{"line":25,"column":20},"end":{"line":25,"column":57}},"2":{"start":{"line":27,"column":24},"end":{"line":32,"column":3}},"3":{"start":{"line":28,"column":4},"end":{"line":31,"column":15}},"4":{"start":{"line":34,"column":25},"end":{"line":39,"column":3}},"5":{"start":{"line":35,"column":4},"end":{"line":38,"column":15}},"6":{"start":{"line":41,"column":22},"end":{"line":45,"column":3}},"7":{"start":{"line":42,"column":4},"end":{"line":44,"column":5}},"8":{"start":{"line":43,"column":6},"end":{"line":43,"column":16}},"9":{"start":{"line":47,"column":2},"end":{"line":76,"column":3}},"10":{"start":{"line":48,"column":4},"end":{"line":75,"column":6}},"11":{"start":{"line":78,"column":2},"end":{"line":104,"column":4}},"12":{"start":{"line":107,"column":15},"end":{"line":145,"column":2}}},"fnMap":{"0":{"name":"(anonymous_0)","decl":{"start":{"line":16,"column":22},"end":{"line":16,"column":23}},"loc":{"start":{"line":24,"column":19},"end":{"line":105,"column":1}},"line":24},"1":{"name":"(anonymous_1)","decl":{"start":{"line":27,"column":24},"end":{"line":27,"column":25}},"loc":{"start":{"line":27,"column":30},"end":{"line":32,"column":3}},"line":27},"2":{"name":"(anonymous_2)","decl":{"start":{"line":34,"column":25},"end":{"line":34,"column":26}},"loc":{"start":{"line":34,"column":31},"end":{"line":39,"column":3}},"line":34},"3":{"name":"(anonymous_3)","decl":{"start":{"line":41,"column":22},"end":{"line":41,"column":23}},"loc":{"start":{"line":41,"column":28},"end":{"line":45,"column":3}},"line":41}},"branchMap":{"0":{"loc":{"start":{"line":17,"column":2},"end":{"line":17,"column":20}},"type":"default-arg","locations":[{"start":{"line":17,"column":9},"end":{"line":17,"column":20}}],"line":17},"1":{"loc":{"start":{"line":19,"column":2},"end":{"line":19,"column":17}},"type":"default-arg","locations":[{"start":{"line":19,"column":12},"end":{"line":19,"column":17}}],"line":19},"2":{"loc":{"start":{"line":20,"column":2},"end":{"line":20,"column":18}},"type":"default-arg","locations":[{"start":{"line":20,"column":13},"end":{"line":20,"column":18}}],"line":20},"3":{"loc":{"start":{"line":23,"column":2},"end":{"line":23,"column":33}},"type":"default-arg","locations":[{"start":{"line":23,"column":11},"end":{"line":23,"column":33}}],"line":23},"4":{"loc":{"start":{"line":42,"column":4},"end":{"line":44,"column":5}},"type":"if","locations":[{"start":{"line":42,"column":4},"end":{"line":44,"column":5}},{"start":{},"end":{}}],"line":42},"5":{"loc":{"start":{"line":42,"column":8},"end":{"line":42,"column":29}},"type":"binary-expr","locations":[{"start":{"line":42,"column":8},"end":{"line":42,"column":17}},{"start":{"line":42,"column":21},"end":{"line":42,"column":29}}],"line":42},"6":{"loc":{"start":{"line":47,"column":2},"end":{"line":76,"column":3}},"type":"if","locations":[{"start":{"line":47,"column":2},"end":{"line":76,"column":3}},{"start":{},"end":{}}],"line":47},"7":{"loc":{"start":{"line":56,"column":20},"end":{"line":56,"column":39}},"type":"binary-expr","locations":[{"start":{"line":56,"column":20},"end":{"line":56,"column":28}},{"start":{"line":56,"column":32},"end":{"line":56,"column":39}}],"line":56},"8":{"loc":{"start":{"line":61,"column":14},"end":{"line":61,"column":79}},"type":"cond-expr","locations":[{"start":{"line":61,"column":37},"end":{"line":61,"column":60}},{"start":{"line":61,"column":65},"end":{"line":61,"column":78}}],"line":61},"9":{"loc":{"start":{"line":61,"column":14},"end":{"line":61,"column":33}},"type":"binary-expr","locations":[{"start":{"line":61,"column":14},"end":{"line":61,"column":22}},{"start":{"line":61,"column":26},"end":{"line":61,"column":33}}],"line":61},"10":{"loc":{"start":{"line":67,"column":13},"end":{"line":71,"column":13}},"type":"cond-expr","locations":[{"start":{"line":68,"column":14},"end":{"line":68,"column":62}},{"start":{"line":70,"column":14},"end":{"line":70,"column":57}}],"line":67},"11":{"loc":{"start":{"line":86,"column":18},"end":{"line":86,"column":37}},"type":"binary-expr","locations":[{"start":{"line":86,"column":18},"end":{"line":86,"column":26}},{"start":{"line":86,"column":30},"end":{"line":86,"column":37}}],"line":86},"12":{"loc":{"start":{"line":87,"column":34},"end":{"line":87,"column":72}},"type":"binary-expr","locations":[{"start":{"line":87,"column":34},"end":{"line":87,"column":53}},{"start":{"line":87,"column":57},"end":{"line":87,"column":72}}],"line":87},"13":{"loc":{"start":{"line":89,"column":9},"end":{"line":101,"column":9}},"type":"cond-expr","locations":[{"start":{"line":90,"column":10},"end":{"line":90,"column":62}},{"start":{"line":92,"column":10},"end":{"line":100,"column":17}}],"line":89},"14":{"loc":{"start":{"line":95,"column":14},"end":{"line":95,"column":57}},"type":"binary-expr","locations":[{"start":{"line":95,"column":14},"end":{"line":95,"column":33}},{"start":{"line":95,"column":37},"end":{"line":95,"column":57}}],"line":95},"15":{"loc":{"start":{"line":96,"column":14},"end":{"line":96,"column":53}},"type":"binary-expr","locations":[{"start":{"line":96,"column":14},"end":{"line":96,"column":29}},{"start":{"line":96,"column":33},"end":{"line":96,"column":53}}],"line":96}},"s":{"0":6,"1":212,"2":212,"3":1,"4":212,"5":1,"6":212,"7":22,"8":22,"9":212,"10":122,"11":90,"12":6},"f":{"0":212,"1":1,"2":1,"3":22},"b":{"0":[122],"1":[97],"2":[178],"3":[211],"4":[22,0],"5":[22,22],"6":[122,90],"7":[122,99],"8":[27,95],"9":[122,99],"10":[10,112],"11":[90,90],"12":[90,9],"13":[0,90],"14":[90,9],"15":[90,81]},"_coverageSchema":"1a1c01bbd47fc00a2c39e90264f33305004495a9","hash":"cb3ce0f3ef80a14d106fba1c7308e7e2f17b5f16"}
,"/Users/dev/Desktop/Projects/RNTP/src/components/CustomInput.tsx": {"path":"/Users/dev/Desktop/Projects/RNTP/src/components/CustomInput.tsx","statementMap":{"0":{"start":{"line":34,"column":27},"end":{"line":140,"column":1}},"1":{"start":{"line":49,"column":32},"end":{"line":49,"column":47}},"2":{"start":{"line":50,"column":42},"end":{"line":50,"column":57}},"3":{"start":{"line":52,"column":21},"end":{"line":55,"column":3}},"4":{"start":{"line":53,"column":4},"end":{"line":53,"column":22}},"5":{"start":{"line":54,"column":4},"end":{"line":54,"column":15}},"6":{"start":{"line":57,"column":19},"end":{"line":57,"column":26}},"7":{"start":{"line":59,"column":2},"end":{"line":139,"column":4}},"8":{"start":{"line":92,"column":25},"end":{"line":92,"column":41}},"9":{"start":{"line":133,"column":27},"end":{"line":133,"column":57}},"10":{"start":{"line":142,"column":15},"end":{"line":221,"column":2}}},"fnMap":{"0":{"name":"(anonymous_0)","decl":{"start":{"line":34,"column":27},"end":{"line":34,"column":28}},"loc":{"start":{"line":48,"column":24},"end":{"line":140,"column":1}},"line":48},"1":{"name":"(anonymous_1)","decl":{"start":{"line":52,"column":21},"end":{"line":52,"column":22}},"loc":{"start":{"line":52,"column":27},"end":{"line":55,"column":3}},"line":52},"2":{"name":"(anonymous_2)","decl":{"start":{"line":92,"column":19},"end":{"line":92,"column":20}},"loc":{"start":{"line":92,"column":25},"end":{"line":92,"column":41}},"line":92},"3":{"name":"(anonymous_3)","decl":{"start":{"line":133,"column":21},"end":{"line":133,"column":22}},"loc":{"start":{"line":133,"column":27},"end":{"line":133,"column":57}},"line":133}},"branchMap":{"0":{"loc":{"start":{"line":40,"column":2},"end":{"line":40,"column":25}},"type":"default-arg","locations":[{"start":{"line":40,"column":20},"end":{"line":40,"column":25}}],"line":40},"1":{"loc":{"start":{"line":41,"column":2},"end":{"line":41,"column":26}},"type":"default-arg","locations":[{"start":{"line":41,"column":17},"end":{"line":41,"column":26}}],"line":41},"2":{"loc":{"start":{"line":42,"column":2},"end":{"line":42,"column":30}},"type":"default-arg","locations":[{"start":{"line":42,"column":19},"end":{"line":42,"column":30}}],"line":42},"3":{"loc":{"start":{"line":44,"column":2},"end":{"line":44,"column":20}},"type":"default-arg","locations":[{"start":{"line":44,"column":15},"end":{"line":44,"column":20}}],"line":44},"4":{"loc":{"start":{"line":46,"column":2},"end":{"line":46,"column":19}},"type":"default-arg","locations":[{"start":{"line":46,"column":14},"end":{"line":46,"column":19}}],"line":46},"5":{"loc":{"start":{"line":63,"column":8},"end":{"line":63,"column":47}},"type":"binary-expr","locations":[{"start":{"line":63,"column":8},"end":{"line":63,"column":15}},{"start":{"line":63,"column":19},"end":{"line":63,"column":47}}],"line":63},"6":{"loc":{"start":{"line":70,"column":10},"end":{"line":70,"column":47}},"type":"binary-expr","locations":[{"start":{"line":70,"column":10},"end":{"line":70,"column":17}},{"start":{"line":70,"column":21},"end":{"line":70,"column":47}}],"line":70},"7":{"loc":{"start":{"line":71,"column":10},"end":{"line":71,"column":46}},"type":"binary-expr","locations":[{"start":{"line":71,"column":10},"end":{"line":71,"column":18}},{"start":{"line":71,"column":22},"end":{"line":71,"column":46}}],"line":71},"8":{"loc":{"start":{"line":72,"column":10},"end":{"line":76,"column":11}},"type":"binary-expr","locations":[{"start":{"line":72,"column":10},"end":{"line":72,"column":19}},{"start":{"line":72,"column":23},"end":{"line":76,"column":11}}],"line":72},"9":{"loc":{"start":{"line":75,"column":23},"end":{"line":75,"column":71}},"type":"cond-expr","locations":[{"start":{"line":75,"column":39},"end":{"line":75,"column":62}},{"start":{"line":75,"column":65},"end":{"line":75,"column":71}}],"line":75},"10":{"loc":{"start":{"line":79,"column":9},"end":{"line":87,"column":9}},"type":"binary-expr","locations":[{"start":{"line":79,"column":9},"end":{"line":79,"column":17}},{"start":{"line":80,"column":10},"end":{"line":86,"column":17}}],"line":79},"11":{"loc":{"start":{"line":84,"column":21},"end":{"line":84,"column":75}},"type":"cond-expr","locations":[{"start":{"line":84,"column":32},"end":{"line":84,"column":41}},{"start":{"line":84,"column":44},"end":{"line":84,"column":75}}],"line":84},"12":{"loc":{"start":{"line":84,"column":44},"end":{"line":84,"column":75}},"type":"cond-expr","locations":[{"start":{"line":84,"column":54},"end":{"line":84,"column":63}},{"start":{"line":84,"column":66},"end":{"line":84,"column":75}}],"line":84},"13":{"loc":{"start":{"line":89,"column":23},"end":{"line":89,"column":54}},"type":"cond-expr","locations":[{"start":{"line":89,"column":44},"end":{"line":89,"column":49}},{"start":{"line":89,"column":52},"end":{"line":89,"column":54}}],"line":89},"14":{"loc":{"start":{"line":89,"column":23},"end":{"line":89,"column":41}},"type":"binary-expr","locations":[{"start":{"line":89,"column":23},"end":{"line":89,"column":31}},{"start":{"line":89,"column":35},"end":{"line":89,"column":41}}],"line":89},"15":{"loc":{"start":{"line":94,"column":27},"end":{"line":94,"column":59}},"type":"binary-expr","locations":[{"start":{"line":94,"column":27},"end":{"line":94,"column":42}},{"start":{"line":94,"column":46},"end":{"line":94,"column":59}}],"line":94},"16":{"loc":{"start":{"line":106,"column":12},"end":{"line":106,"column":48}},"type":"binary-expr","locations":[{"start":{"line":106,"column":12},"end":{"line":106,"column":19}},{"start":{"line":106,"column":23},"end":{"line":106,"column":48}}],"line":106},"17":{"loc":{"start":{"line":107,"column":12},"end":{"line":107,"column":48}},"type":"binary-expr","locations":[{"start":{"line":107,"column":12},"end":{"line":107,"column":22}},{"start":{"line":107,"column":26},"end":{"line":107,"column":48}}],"line":107},"18":{"loc":{"start":{"line":111,"column":23},"end":{"line":111,"column":55}},"type":"cond-expr","locations":[{"start":{"line":111,"column":34},"end":{"line":111,"column":43}},{"start":{"line":111,"column":46},"end":{"line":111,"column":55}}],"line":111},"19":{"loc":{"start":{"line":124,"column":12},"end":{"line":124,"column":60}},"type":"binary-expr","locations":[{"start":{"line":124,"column":12},"end":{"line":124,"column":18}},{"start":{"line":124,"column":22},"end":{"line":124,"column":32}},{"start":{"line":124,"column":36},"end":{"line":124,"column":60}}],"line":124},"20":{"loc":{"start":{"line":127,"column":9},"end":{"line":135,"column":9}},"type":"binary-expr","locations":[{"start":{"line":127,"column":9},"end":{"line":127,"column":19}},{"start":{"line":128,"column":10},"end":{"line":134,"column":12}}],"line":127},"21":{"loc":{"start":{"line":129,"column":18},"end":{"line":129,"column":50}},"type":"cond-expr","locations":[{"start":{"line":129,"column":33},"end":{"line":129,"column":42}},{"start":{"line":129,"column":45},"end":{"line":129,"column":50}}],"line":129},"22":{"loc":{"start":{"line":131,"column":23},"end":{"line":131,"column":77}},"type":"cond-expr","locations":[{"start":{"line":131,"column":34},"end":{"line":131,"column":43}},{"start":{"line":131,"column":46},"end":{"line":131,"column":77}}],"line":131},"23":{"loc":{"start":{"line":131,"column":46},"end":{"line":131,"column":77}},"type":"cond-expr","locations":[{"start":{"line":131,"column":56},"end":{"line":131,"column":65}},{"start":{"line":131,"column":68},"end":{"line":131,"column":77}}],"line":131},"24":{"loc":{"start":{"line":137,"column":7},"end":{"line":137,"column":64}},"type":"binary-expr","locations":[{"start":{"line":137,"column":7},"end":{"line":137,"column":15}},{"start":{"line":137,"column":19},"end":{"line":137,"column":64}}],"line":137}},"s":{"0":5,"1":371,"2":371,"3":371,"4":7,"5":7,"6":371,"7":371,"8":2,"9":0,"10":5},"f":{"0":371,"1":7,"2":2,"3":0},"b":{"0":[246],"1":[290],"2":[204],"3":[247],"4":[338],"5":[371,2],"6":[371,2],"7":[371,12],"8":[371,33],"9":[33,0],"10":[371,290],"11":[11,279],"12":[0,279],"13":[232,139],"14":[371,369],"15":[371,125],"16":[371,2],"17":[371,338],"18":[12,359],"19":[371,234,217],"20":[371,124],"21":[0,124],"22":[6,118],"23":[0,118],"24":[371,12]},"_coverageSchema":"1a1c01bbd47fc00a2c39e90264f33305004495a9","hash":"ff61355bd52cf8fdb75d98162a9b74406217c016"}
,"/Users/dev/Desktop/Projects/RNTP/src/components/GradientBackground.tsx": {"path":"/Users/dev/Desktop/Projects/RNTP/src/components/GradientBackground.tsx","statementMap":{"0":{"start":{"line":5,"column":26},"end":{"line":5,"column":50}},"1":{"start":{"line":13,"column":34},"end":{"line":28,"column":1}},"2":{"start":{"line":18,"column":2},"end":{"line":27,"column":4}},"3":{"start":{"line":30,"column":15},"end":{"line":36,"column":2}}},"fnMap":{"0":{"name":"(anonymous_0)","decl":{"start":{"line":13,"column":34},"end":{"line":13,"column":35}},"loc":{"start":{"line":17,"column":31},"end":{"line":28,"column":1}},"line":17}},"branchMap":{"0":{"loc":{"start":{"line":15,"column":2},"end":{"line":15,"column":33}},"type":"default-arg","locations":[{"start":{"line":15,"column":11},"end":{"line":15,"column":33}}],"line":15}},"s":{"0":1,"1":1,"2":7,"3":1},"f":{"0":7},"b":{"0":[6]},"_coverageSchema":"1a1c01bbd47fc00a2c39e90264f33305004495a9","hash":"b94281c79e5b31a0a37bb428cb443d1a048cdcbc"}
,"/Users/dev/Desktop/Projects/RNTP/src/components/JournalEntryCard.tsx": {"path":"/Users/dev/Desktop/Projects/RNTP/src/components/JournalEntryCard.tsx","statementMap":{"0":{"start":{"line":15,"column":32},"end":{"line":63,"column":1}},"1":{"start":{"line":20,"column":59},"end":{"line":20,"column":64}},"2":{"start":{"line":22,"column":2},"end":{"line":62,"column":4}},"3":{"start":{"line":65,"column":15},"end":{"line":132,"column":2}}},"fnMap":{"0":{"name":"(anonymous_0)","decl":{"start":{"line":15,"column":32},"end":{"line":15,"column":33}},"loc":{"start":{"line":19,"column":29},"end":{"line":63,"column":1}},"line":19}},"branchMap":{"0":{"loc":{"start":{"line":18,"column":2},"end":{"line":18,"column":11}},"type":"default-arg","locations":[{"start":{"line":18,"column":10},"end":{"line":18,"column":11}}],"line":18},"1":{"loc":{"start":{"line":26,"column":8},"end":{"line":28,"column":62}},"type":"cond-expr","locations":[{"start":{"line":27,"column":12},"end":{"line":27,"column":31}},{"start":{"line":28,"column":12},"end":{"line":28,"column":62}}],"line":26},"2":{"loc":{"start":{"line":44,"column":9},"end":{"line":59,"column":9}},"type":"binary-expr","locations":[{"start":{"line":44,"column":9},"end":{"line":44,"column":13}},{"start":{"line":45,"column":10},"end":{"line":58,"column":17}}],"line":44}},"s":{"0":2,"1":64,"2":64,"3":2},"f":{"0":64},"b":{"0":[63],"1":[63,1],"2":[64,63]},"_coverageSchema":"1a1c01bbd47fc00a2c39e90264f33305004495a9","hash":"9514f37f5d1a1c444fda573325e0227364b0172d"}
,"/Users/dev/Desktop/Projects/RNTP/src/config/api.ts": {"path":"/Users/dev/Desktop/Projects/RNTP/src/config/api.ts","statementMap":{"0":{"start":{"line":4,"column":33},"end":{"line":4,"column":37}},"1":{"start":{"line":6,"column":21},"end":{"line":22,"column":1}},"2":{"start":{"line":7,"column":2},"end":{"line":21,"column":3}},"3":{"start":{"line":8,"column":4},"end":{"line":10,"column":5}},"4":{"start":{"line":9,"column":6},"end":{"line":9,"column":25}},"5":{"start":{"line":12,"column":18},"end":{"line":12,"column":57}},"6":{"start":{"line":14,"column":4},"end":{"line":16,"column":5}},"7":{"start":{"line":15,"column":6},"end":{"line":15,"column":26}},"8":{"start":{"line":18,"column":4},"end":{"line":18,"column":17}},"9":{"start":{"line":20,"column":4},"end":{"line":20,"column":16}},"10":{"start":{"line":24,"column":21},"end":{"line":33,"column":1}},"11":{"start":{"line":25,"column":2},"end":{"line":32,"column":3}},"12":{"start":{"line":26,"column":23},"end":{"line":26,"column":63}},"13":{"start":{"line":28,"column":4},"end":{"line":28,"column":56}},"14":{"start":{"line":29,"column":4},"end":{"line":29,"column":29}},"15":{"start":{"line":31,"column":4},"end":{"line":31,"column":16}},"16":{"start":{"line":35,"column":23},"end":{"line":42,"column":1}},"17":{"start":{"line":36,"column":2},"end":{"line":41,"column":3}},"18":{"start":{"line":37,"column":4},"end":{"line":37,"column":47}},"19":{"start":{"line":38,"column":4},"end":{"line":38,"column":23}},"20":{"start":{"line":40,"column":4},"end":{"line":40,"column":55}},"21":{"start":{"line":44,"column":25},"end":{"line":50,"column":2}},"22":{"start":{"line":52,"column":0},"end":{"line":63,"column":2}},"23":{"start":{"line":54,"column":18},"end":{"line":54,"column":38}},"24":{"start":{"line":55,"column":4},"end":{"line":57,"column":5}},"25":{"start":{"line":56,"column":6},"end":{"line":56,"column":55}},"26":{"start":{"line":58,"column":4},"end":{"line":58,"column":18}},"27":{"start":{"line":61,"column":4},"end":{"line":61,"column":33}},"28":{"start":{"line":65,"column":0},"end":{"line":75,"column":2}},"29":{"start":{"line":67,"column":4},"end":{"line":67,"column":20}},"30":{"start":{"line":70,"column":4},"end":{"line":72,"column":5}},"31":{"start":{"line":71,"column":6},"end":{"line":71,"column":29}},"32":{"start":{"line":73,"column":4},"end":{"line":73,"column":33}}},"fnMap":{"0":{"name":"(anonymous_0)","decl":{"start":{"line":6,"column":21},"end":{"line":6,"column":22}},"loc":{"start":{"line":6,"column":57},"end":{"line":22,"column":1}},"line":6},"1":{"name":"(anonymous_1)","decl":{"start":{"line":24,"column":21},"end":{"line":24,"column":22}},"loc":{"start":{"line":24,"column":61},"end":{"line":33,"column":1}},"line":24},"2":{"name":"(anonymous_2)","decl":{"start":{"line":35,"column":23},"end":{"line":35,"column":24}},"loc":{"start":{"line":35,"column":50},"end":{"line":42,"column":1}},"line":35},"3":{"name":"(anonymous_3)","decl":{"start":{"line":53,"column":2},"end":{"line":53,"column":3}},"loc":{"start":{"line":53,"column":18},"end":{"line":59,"column":3}},"line":53},"4":{"name":"(anonymous_4)","decl":{"start":{"line":60,"column":2},"end":{"line":60,"column":3}},"loc":{"start":{"line":60,"column":11},"end":{"line":62,"column":3}},"line":60},"5":{"name":"(anonymous_5)","decl":{"start":{"line":66,"column":2},"end":{"line":66,"column":3}},"loc":{"start":{"line":66,"column":14},"end":{"line":68,"column":3}},"line":66},"6":{"name":"(anonymous_6)","decl":{"start":{"line":69,"column":2},"end":{"line":69,"column":3}},"loc":{"start":{"line":69,"column":17},"end":{"line":74,"column":3}},"line":69}},"branchMap":{"0":{"loc":{"start":{"line":8,"column":4},"end":{"line":10,"column":5}},"type":"if","locations":[{"start":{"line":8,"column":4},"end":{"line":10,"column":5}},{"start":{},"end":{}}],"line":8},"1":{"loc":{"start":{"line":14,"column":4},"end":{"line":16,"column":5}},"type":"if","locations":[{"start":{"line":14,"column":4},"end":{"line":16,"column":5}},{"start":{},"end":{}}],"line":14},"2":{"loc":{"start":{"line":45,"column":11},"end":{"line":45,"column":79}},"type":"binary-expr","locations":[{"start":{"line":45,"column":11},"end":{"line":45,"column":47}},{"start":{"line":45,"column":51},"end":{"line":45,"column":79}}],"line":45},"3":{"loc":{"start":{"line":55,"column":4},"end":{"line":57,"column":5}},"type":"if","locations":[{"start":{"line":55,"column":4},"end":{"line":57,"column":5}},{"start":{},"end":{}}],"line":55},"4":{"loc":{"start":{"line":70,"column":4},"end":{"line":72,"column":5}},"type":"if","locations":[{"start":{"line":70,"column":4},"end":{"line":72,"column":5}},{"start":{},"end":{}}],"line":70}},"s":{"0":4,"1":4,"2":0,"3":0,"4":0,"5":0,"6":0,"7":0,"8":0,"9":0,"10":4,"11":0,"12":0,"13":0,"14":0,"15":0,"16":4,"17":0,"18":0,"19":0,"20":0,"21":4,"22":4,"23":0,"24":0,"25":0,"26":0,"27":0,"28":4,"29":0,"30":0,"31":0,"32":0},"f":{"0":0,"1":0,"2":0,"3":0,"4":0,"5":0,"6":0},"b":{"0":[0,0],"1":[0,0],"2":[4,4],"3":[0,0],"4":[0,0]},"_coverageSchema":"1a1c01bbd47fc00a2c39e90264f33305004495a9","hash":"05736dda9b52340f19f303fc7050786c75bc2ace"}
,"/Users/dev/Desktop/Projects/RNTP/src/constants/backgroundElements.tsx": {"path":"/Users/dev/Desktop/Projects/RNTP/src/constants/backgroundElements.tsx","statementMap":{"0":{"start":{"line":4,"column":26},"end":{"line":4,"column":50}},"1":{"start":{"line":6,"column":40},"end":{"line":24,"column":1}},"2":{"start":{"line":7,"column":2},"end":{"line":23,"column":9}},"3":{"start":{"line":26,"column":32},"end":{"line":149,"column":2}}},"fnMap":{"0":{"name":"(anonymous_0)","decl":{"start":{"line":6,"column":40},"end":{"line":6,"column":41}},"loc":{"start":{"line":7,"column":2},"end":{"line":23,"column":9}},"line":7}},"branchMap":{},"s":{"0":6,"1":6,"2":167,"3":6},"f":{"0":167},"b":{},"_coverageSchema":"1a1c01bbd47fc00a2c39e90264f33305004495a9","hash":"da51f8597b5b9208e63ee91efdcb2207c421572b"}
,"/Users/dev/Desktop/Projects/RNTP/src/screens/JournalDetailScreen.tsx": {"path":"/Users/dev/Desktop/Projects/RNTP/src/screens/JournalDetailScreen.tsx","statementMap":{"0":{"start":{"line":12,"column":35},"end":{"line":252,"column":1}},"1":{"start":{"line":13,"column":34},"end":{"line":13,"column":46}},"2":{"start":{"line":14,"column":28},"end":{"line":14,"column":50}},"3":{"start":{"line":15,"column":36},"end":{"line":15,"column":51}},"4":{"start":{"line":16,"column":40},"end":{"line":16,"column":55}},"5":{"start":{"line":17,"column":32},"end":{"line":17,"column":47}},"6":{"start":{"line":18,"column":56},"end":{"line":18,"column":71}},"7":{"start":{"line":19,"column":29},"end":{"line":19,"column":65}},"8":{"start":{"line":19,"column":47},"end":{"line":19,"column":64}},"9":{"start":{"line":20,"column":31},"end":{"line":20,"column":67}},"10":{"start":{"line":20,"column":49},"end":{"line":20,"column":66}},"11":{"start":{"line":22,"column":30},"end":{"line":42,"column":3}},"12":{"start":{"line":23,"column":4},"end":{"line":41,"column":5}},"13":{"start":{"line":24,"column":27},"end":{"line":24,"column":66}},"14":{"start":{"line":25,"column":6},"end":{"line":35,"column":7}},"15":{"start":{"line":26,"column":8},"end":{"line":26,"column":31}},"16":{"start":{"line":27,"column":8},"end":{"line":27,"column":41}},"17":{"start":{"line":28,"column":8},"end":{"line":28,"column":38}},"18":{"start":{"line":30,"column":27},"end":{"line":30,"column":63}},"19":{"start":{"line":31,"column":27},"end":{"line":31,"column":57}},"20":{"start":{"line":32,"column":8},"end":{"line":32,"column":31}},"21":{"start":{"line":34,"column":8},"end":{"line":34,"column":20}},"22":{"start":{"line":36,"column":6},"end":{"line":36,"column":19}},"23":{"start":{"line":38,"column":6},"end":{"line":38,"column":63}},"24":{"start":{"line":39,"column":6},"end":{"line":39,"column":36}},"25":{"start":{"line":40,"column":6},"end":{"line":40,"column":18}},"26":{"start":{"line":44,"column":2},"end":{"line":57,"column":55}},"27":{"start":{"line":45,"column":4},"end":{"line":56,"column":5}},"28":{"start":{"line":46,"column":6},"end":{"line":46,"column":35}},"29":{"start":{"line":48,"column":27},"end":{"line":53,"column":14}},"30":{"start":{"line":49,"column":26},"end":{"line":49,"column":53}},"31":{"start":{"line":50,"column":8},"end":{"line":52,"column":9}},"32":{"start":{"line":51,"column":10},"end":{"line":51,"column":38}},"33":{"start":{"line":55,"column":6},"end":{"line":55,"column":47}},"34":{"start":{"line":55,"column":19},"end":{"line":55,"column":46}},"35":{"start":{"line":59,"column":23},"end":{"line":92,"column":3}},"36":{"start":{"line":60,"column":4},"end":{"line":91,"column":5}},"37":{"start":{"line":61,"column":6},"end":{"line":61,"column":23}},"38":{"start":{"line":62,"column":27},"end":{"line":65,"column":8}},"39":{"start":{"line":67,"column":6},"end":{"line":67,"column":29}},"40":{"start":{"line":68,"column":6},"end":{"line":68,"column":39}},"41":{"start":{"line":69,"column":6},"end":{"line":69,"column":26}},"42":{"start":{"line":71,"column":6},"end":{"line":82,"column":7}},"43":{"start":{"line":72,"column":8},"end":{"line":72,"column":37}},"44":{"start":{"line":74,"column":8},"end":{"line":81,"column":17}},"45":{"start":{"line":75,"column":31},"end":{"line":80,"column":18}},"46":{"start":{"line":76,"column":30},"end":{"line":76,"column":57}},"47":{"start":{"line":77,"column":12},"end":{"line":79,"column":13}},"48":{"start":{"line":78,"column":14},"end":{"line":78,"column":42}},"49":{"start":{"line":84,"column":6},"end":{"line":88,"column":8}},"50":{"start":{"line":90,"column":6},"end":{"line":90,"column":24}},"51":{"start":{"line":94,"column":23},"end":{"line":126,"column":3}},"52":{"start":{"line":95,"column":4},"end":{"line":125,"column":6}},"53":{"start":{"line":107,"column":12},"end":{"line":121,"column":13}},"54":{"start":{"line":108,"column":14},"end":{"line":108,"column":31}},"55":{"start":{"line":109,"column":14},"end":{"line":109,"column":57}},"56":{"start":{"line":110,"column":14},"end":{"line":110,"column":45}},"57":{"start":{"line":111,"column":14},"end":{"line":111,"column":34}},"58":{"start":{"line":113,"column":14},"end":{"line":118,"column":16}},"59":{"start":{"line":120,"column":14},"end":{"line":120,"column":32}},"60":{"start":{"line":128,"column":2},"end":{"line":251,"column":4}},"61":{"start":{"line":142,"column":29},"end":{"line":142,"column":50}},"62":{"start":{"line":147,"column":31},"end":{"line":147,"column":51}},"63":{"start":{"line":153,"column":16},"end":{"line":153,"column":35}},"64":{"start":{"line":154,"column":16},"end":{"line":154,"column":38}},"65":{"start":{"line":160,"column":16},"end":{"line":160,"column":31}},"66":{"start":{"line":161,"column":16},"end":{"line":161,"column":38}},"67":{"start":{"line":178,"column":16},"end":{"line":178,"column":51}},"68":{"start":{"line":187,"column":16},"end":{"line":187,"column":53}},"69":{"start":{"line":254,"column":15},"end":{"line":423,"column":2}}},"fnMap":{"0":{"name":"(anonymous_0)","decl":{"start":{"line":12,"column":35},"end":{"line":12,"column":36}},"loc":{"start":{"line":12,"column":67},"end":{"line":252,"column":1}},"line":12},"1":{"name":"(anonymous_1)","decl":{"start":{"line":19,"column":38},"end":{"line":19,"column":39}},"loc":{"start":{"line":19,"column":47},"end":{"line":19,"column":64}},"line":19},"2":{"name":"(anonymous_2)","decl":{"start":{"line":20,"column":40},"end":{"line":20,"column":41}},"loc":{"start":{"line":20,"column":49},"end":{"line":20,"column":66}},"line":20},"3":{"name":"(anonymous_3)","decl":{"start":{"line":22,"column":30},"end":{"line":22,"column":31}},"loc":{"start":{"line":22,"column":42},"end":{"line":42,"column":3}},"line":22},"4":{"name":"(anonymous_4)","decl":{"start":{"line":44,"column":12},"end":{"line":44,"column":13}},"loc":{"start":{"line":44,"column":18},"end":{"line":57,"column":3}},"line":44},"5":{"name":"(anonymous_5)","decl":{"start":{"line":48,"column":39},"end":{"line":48,"column":40}},"loc":{"start":{"line":48,"column":51},"end":{"line":53,"column":7}},"line":48},"6":{"name":"(anonymous_6)","decl":{"start":{"line":55,"column":13},"end":{"line":55,"column":14}},"loc":{"start":{"line":55,"column":19},"end":{"line":55,"column":46}},"line":55},"7":{"name":"(anonymous_7)","decl":{"start":{"line":59,"column":23},"end":{"line":59,"column":24}},"loc":{"start":{"line":59,"column":35},"end":{"line":92,"column":3}},"line":59},"8":{"name":"(anonymous_8)","decl":{"start":{"line":74,"column":19},"end":{"line":74,"column":20}},"loc":{"start":{"line":74,"column":25},"end":{"line":81,"column":9}},"line":74},"9":{"name":"(anonymous_9)","decl":{"start":{"line":75,"column":43},"end":{"line":75,"column":44}},"loc":{"start":{"line":75,"column":55},"end":{"line":80,"column":11}},"line":75},"10":{"name":"(anonymous_10)","decl":{"start":{"line":94,"column":23},"end":{"line":94,"column":24}},"loc":{"start":{"line":94,"column":35},"end":{"line":126,"column":3}},"line":94},"11":{"name":"(anonymous_11)","decl":{"start":{"line":106,"column":19},"end":{"line":106,"column":20}},"loc":{"start":{"line":106,"column":31},"end":{"line":122,"column":11}},"line":106},"12":{"name":"(anonymous_12)","decl":{"start":{"line":142,"column":23},"end":{"line":142,"column":24}},"loc":{"start":{"line":142,"column":29},"end":{"line":142,"column":50}},"line":142},"13":{"name":"(anonymous_13)","decl":{"start":{"line":147,"column":25},"end":{"line":147,"column":26}},"loc":{"start":{"line":147,"column":31},"end":{"line":147,"column":51}},"line":147},"14":{"name":"(anonymous_14)","decl":{"start":{"line":152,"column":23},"end":{"line":152,"column":24}},"loc":{"start":{"line":152,"column":29},"end":{"line":155,"column":15}},"line":152},"15":{"name":"(anonymous_15)","decl":{"start":{"line":159,"column":23},"end":{"line":159,"column":24}},"loc":{"start":{"line":159,"column":29},"end":{"line":162,"column":15}},"line":159},"16":{"name":"(anonymous_16)","decl":{"start":{"line":177,"column":28},"end":{"line":177,"column":29}},"loc":{"start":{"line":178,"column":16},"end":{"line":178,"column":51}},"line":178},"17":{"name":"(anonymous_17)","decl":{"start":{"line":186,"column":28},"end":{"line":186,"column":29}},"loc":{"start":{"line":187,"column":16},"end":{"line":187,"column":53}},"line":187}},"branchMap":{"0":{"loc":{"start":{"line":25,"column":6},"end":{"line":35,"column":7}},"type":"if","locations":[{"start":{"line":25,"column":6},"end":{"line":35,"column":7}},{"start":{},"end":{}}],"line":25},"1":{"loc":{"start":{"line":25,"column":10},"end":{"line":25,"column":62}},"type":"binary-expr","locations":[{"start":{"line":25,"column":10},"end":{"line":25,"column":41}},{"start":{"line":25,"column":45},"end":{"line":25,"column":62}}],"line":25},"2":{"loc":{"start":{"line":45,"column":4},"end":{"line":56,"column":5}},"type":"if","locations":[{"start":{"line":45,"column":4},"end":{"line":56,"column":5}},{"start":{},"end":{}}],"line":45},"3":{"loc":{"start":{"line":45,"column":8},"end":{"line":45,"column":48}},"type":"binary-expr","locations":[{"start":{"line":45,"column":8},"end":{"line":45,"column":33}},{"start":{"line":45,"column":37},"end":{"line":45,"column":48}}],"line":45},"4":{"loc":{"start":{"line":50,"column":8},"end":{"line":52,"column":9}},"type":"if","locations":[{"start":{"line":50,"column":8},"end":{"line":52,"column":9}},{"start":{},"end":{}}],"line":50},"5":{"loc":{"start":{"line":71,"column":6},"end":{"line":82,"column":7}},"type":"if","locations":[{"start":{"line":71,"column":6},"end":{"line":82,"column":7}},{"start":{},"end":{}}],"line":71},"6":{"loc":{"start":{"line":71,"column":10},"end":{"line":71,"column":64}},"type":"binary-expr","locations":[{"start":{"line":71,"column":10},"end":{"line":71,"column":42}},{"start":{"line":71,"column":46},"end":{"line":71,"column":64}}],"line":71},"7":{"loc":{"start":{"line":77,"column":12},"end":{"line":79,"column":13}},"type":"if","locations":[{"start":{"line":77,"column":12},"end":{"line":79,"column":13}},{"start":{},"end":{}}],"line":77},"8":{"loc":{"start":{"line":115,"column":16},"end":{"line":116,"column":67}},"type":"binary-expr","locations":[{"start":{"line":115,"column":16},"end":{"line":115,"column":29}},{"start":{"line":116,"column":16},"end":{"line":116,"column":67}}],"line":115},"9":{"loc":{"start":{"line":168,"column":9},"end":{"line":248,"column":9}},"type":"cond-expr","locations":[{"start":{"line":169,"column":10},"end":{"line":201,"column":13}},{"start":{"line":203,"column":10},"end":{"line":247,"column":13}}],"line":168},"10":{"loc":{"start":{"line":213,"column":13},"end":{"line":246,"column":20}},"type":"cond-expr","locations":[{"start":{"line":214,"column":14},"end":{"line":222,"column":21}},{"start":{"line":223,"column":16},"end":{"line":246,"column":20}}],"line":213},"11":{"loc":{"start":{"line":223,"column":16},"end":{"line":246,"column":20}},"type":"cond-expr","locations":[{"start":{"line":224,"column":14},"end":{"line":245,"column":21}},{"start":{"line":246,"column":16},"end":{"line":246,"column":20}}],"line":223}},"s":{"0":1,"1":7,"2":7,"3":7,"4":7,"5":7,"6":7,"7":7,"8":7,"9":7,"10":7,"11":7,"12":0,"13":0,"14":0,"15":0,"16":0,"17":0,"18":0,"19":0,"20":0,"21":0,"22":0,"23":0,"24":0,"25":0,"26":7,"27":7,"28":0,"29":0,"30":0,"31":0,"32":0,"33":0,"34":0,"35":7,"36":0,"37":0,"38":0,"39":0,"40":0,"41":0,"42":0,"43":0,"44":0,"45":0,"46":0,"47":0,"48":0,"49":0,"50":0,"51":7,"52":0,"53":0,"54":0,"55":0,"56":0,"57":0,"58":0,"59":0,"60":7,"61":0,"62":0,"63":0,"64":0,"65":0,"66":0,"67":0,"68":0,"69":1},"f":{"0":7,"1":7,"2":7,"3":0,"4":7,"5":0,"6":0,"7":0,"8":0,"9":0,"10":0,"11":0,"12":0,"13":0,"14":0,"15":0,"16":0,"17":0},"b":{"0":[0,0],"1":[0,0],"2":[0,7],"3":[7,0],"4":[0,0],"5":[0,0],"6":[0,0],"7":[0,0],"8":[0,0],"9":[0,7],"10":[0,7],"11":[6,1]},"_coverageSchema":"1a1c01bbd47fc00a2c39e90264f33305004495a9","hash":"69b68dc3c73f0fdf8daef9953b81eba2eb69d6ec"}
,"/Users/dev/Desktop/Projects/RNTP/src/screens/JournalListScreen.tsx": {"path":"/Users/dev/Desktop/Projects/RNTP/src/screens/JournalListScreen.tsx","statementMap":{"0":{"start":{"line":11,"column":33},"end":{"line":143,"column":1}},"1":{"start":{"line":12,"column":40},"end":{"line":12,"column":55}},"2":{"start":{"line":13,"column":32},"end":{"line":13,"column":47}},"3":{"start":{"line":14,"column":18},"end":{"line":14,"column":50}},"4":{"start":{"line":14,"column":36},"end":{"line":14,"column":49}},"5":{"start":{"line":15,"column":23},"end":{"line":15,"column":60}},"6":{"start":{"line":15,"column":41},"end":{"line":15,"column":59}},"7":{"start":{"line":16,"column":17},"end":{"line":16,"column":48}},"8":{"start":{"line":16,"column":35},"end":{"line":16,"column":47}},"9":{"start":{"line":17,"column":21},"end":{"line":17,"column":56}},"10":{"start":{"line":17,"column":39},"end":{"line":17,"column":55}},"11":{"start":{"line":18,"column":26},"end":{"line":18,"column":66}},"12":{"start":{"line":18,"column":44},"end":{"line":18,"column":65}},"13":{"start":{"line":19,"column":20},"end":{"line":19,"column":54}},"14":{"start":{"line":19,"column":38},"end":{"line":19,"column":53}},"15":{"start":{"line":21,"column":22},"end":{"line":35,"column":3}},"16":{"start":{"line":22,"column":4},"end":{"line":34,"column":5}},"17":{"start":{"line":23,"column":6},"end":{"line":23,"column":23}},"18":{"start":{"line":24,"column":19},"end":{"line":24,"column":55}},"19":{"start":{"line":25,"column":6},"end":{"line":25,"column":23}},"20":{"start":{"line":27,"column":6},"end":{"line":31,"column":8}},"21":{"start":{"line":33,"column":6},"end":{"line":33,"column":24}},"22":{"start":{"line":37,"column":2},"end":{"line":39,"column":9}},"23":{"start":{"line":38,"column":4},"end":{"line":38,"column":18}},"24":{"start":{"line":41,"column":26},"end":{"line":50,"column":6}},"25":{"start":{"line":42,"column":21},"end":{"line":42,"column":65}},"26":{"start":{"line":44,"column":6},"end":{"line":48,"column":7}},"27":{"start":{"line":45,"column":8},"end":{"line":47,"column":10}},"28":{"start":{"line":49,"column":6},"end":{"line":49,"column":55}},"29":{"start":{"line":52,"column":16},"end":{"line":56,"column":3}},"30":{"start":{"line":54,"column":27},"end":{"line":54,"column":37}},"31":{"start":{"line":54,"column":72},"end":{"line":54,"column":78}},"32":{"start":{"line":58,"column":21},"end":{"line":63,"column":3}},"33":{"start":{"line":59,"column":4},"end":{"line":62,"column":6}},"34":{"start":{"line":61,"column":21},"end":{"line":61,"column":74}},"35":{"start":{"line":65,"column":2},"end":{"line":142,"column":4}},"36":{"start":{"line":75,"column":36},"end":{"line":75,"column":40}},"37":{"start":{"line":77,"column":16},"end":{"line":85,"column":23}},"38":{"start":{"line":80,"column":20},"end":{"line":80,"column":72}},"39":{"start":{"line":91,"column":31},"end":{"line":91,"column":52}},"40":{"start":{"line":93,"column":37},"end":{"line":93,"column":57}},"41":{"start":{"line":100,"column":18},"end":{"line":100,"column":36}},"42":{"start":{"line":101,"column":18},"end":{"line":101,"column":40}},"43":{"start":{"line":108,"column":18},"end":{"line":108,"column":41}},"44":{"start":{"line":109,"column":18},"end":{"line":109,"column":40}},"45":{"start":{"line":130,"column":34},"end":{"line":130,"column":52}},"46":{"start":{"line":138,"column":25},"end":{"line":138,"column":58}},"47":{"start":{"line":145,"column":15},"end":{"line":195,"column":2}}},"fnMap":{"0":{"name":"(anonymous_0)","decl":{"start":{"line":11,"column":33},"end":{"line":11,"column":34}},"loc":{"start":{"line":11,"column":58},"end":{"line":143,"column":1}},"line":11},"1":{"name":"(anonymous_1)","decl":{"start":{"line":14,"column":27},"end":{"line":14,"column":28}},"loc":{"start":{"line":14,"column":36},"end":{"line":14,"column":49}},"line":14},"2":{"name":"(anonymous_2)","decl":{"start":{"line":15,"column":32},"end":{"line":15,"column":33}},"loc":{"start":{"line":15,"column":41},"end":{"line":15,"column":59}},"line":15},"3":{"name":"(anonymous_3)","decl":{"start":{"line":16,"column":26},"end":{"line":16,"column":27}},"loc":{"start":{"line":16,"column":35},"end":{"line":16,"column":47}},"line":16},"4":{"name":"(anonymous_4)","decl":{"start":{"line":17,"column":30},"end":{"line":17,"column":31}},"loc":{"start":{"line":17,"column":39},"end":{"line":17,"column":55}},"line":17},"5":{"name":"(anonymous_5)","decl":{"start":{"line":18,"column":35},"end":{"line":18,"column":36}},"loc":{"start":{"line":18,"column":44},"end":{"line":18,"column":65}},"line":18},"6":{"name":"(anonymous_6)","decl":{"start":{"line":19,"column":29},"end":{"line":19,"column":30}},"loc":{"start":{"line":19,"column":38},"end":{"line":19,"column":53}},"line":19},"7":{"name":"(anonymous_7)","decl":{"start":{"line":21,"column":22},"end":{"line":21,"column":23}},"loc":{"start":{"line":21,"column":34},"end":{"line":35,"column":3}},"line":21},"8":{"name":"(anonymous_8)","decl":{"start":{"line":37,"column":12},"end":{"line":37,"column":13}},"loc":{"start":{"line":37,"column":18},"end":{"line":39,"column":3}},"line":37},"9":{"name":"(anonymous_9)","decl":{"start":{"line":42,"column":12},"end":{"line":42,"column":13}},"loc":{"start":{"line":42,"column":21},"end":{"line":42,"column":65}},"line":42},"10":{"name":"(anonymous_10)","decl":{"start":{"line":43,"column":10},"end":{"line":43,"column":11}},"loc":{"start":{"line":43,"column":20},"end":{"line":50,"column":5}},"line":43},"11":{"name":"(anonymous_11)","decl":{"start":{"line":54,"column":18},"end":{"line":54,"column":19}},"loc":{"start":{"line":54,"column":27},"end":{"line":54,"column":37}},"line":54},"12":{"name":"(anonymous_12)","decl":{"start":{"line":54,"column":46},"end":{"line":54,"column":47}},"loc":{"start":{"line":54,"column":72},"end":{"line":54,"column":78}},"line":54},"13":{"name":"(anonymous_13)","decl":{"start":{"line":58,"column":21},"end":{"line":58,"column":22}},"loc":{"start":{"line":59,"column":4},"end":{"line":62,"column":6}},"line":59},"14":{"name":"(anonymous_14)","decl":{"start":{"line":61,"column":15},"end":{"line":61,"column":16}},"loc":{"start":{"line":61,"column":21},"end":{"line":61,"column":74}},"line":61},"15":{"name":"(anonymous_15)","decl":{"start":{"line":75,"column":28},"end":{"line":75,"column":29}},"loc":{"start":{"line":75,"column":36},"end":{"line":75,"column":40}},"line":75},"16":{"name":"(anonymous_16)","decl":{"start":{"line":76,"column":26},"end":{"line":76,"column":27}},"loc":{"start":{"line":77,"column":16},"end":{"line":85,"column":23}},"line":77},"17":{"name":"(anonymous_17)","decl":{"start":{"line":79,"column":27},"end":{"line":79,"column":28}},"loc":{"start":{"line":80,"column":20},"end":{"line":80,"column":72}},"line":80},"18":{"name":"(anonymous_18)","decl":{"start":{"line":91,"column":25},"end":{"line":91,"column":26}},"loc":{"start":{"line":91,"column":31},"end":{"line":91,"column":52}},"line":91},"19":{"name":"(anonymous_19)","decl":{"start":{"line":93,"column":31},"end":{"line":93,"column":32}},"loc":{"start":{"line":93,"column":37},"end":{"line":93,"column":57}},"line":93},"20":{"name":"(anonymous_20)","decl":{"start":{"line":99,"column":25},"end":{"line":99,"column":26}},"loc":{"start":{"line":99,"column":31},"end":{"line":102,"column":17}},"line":99},"21":{"name":"(anonymous_21)","decl":{"start":{"line":107,"column":25},"end":{"line":107,"column":26}},"loc":{"start":{"line":107,"column":31},"end":{"line":110,"column":17}},"line":107},"22":{"name":"(anonymous_22)","decl":{"start":{"line":130,"column":26},"end":{"line":130,"column":27}},"loc":{"start":{"line":130,"column":34},"end":{"line":130,"column":52}},"line":130},"23":{"name":"(anonymous_23)","decl":{"start":{"line":138,"column":19},"end":{"line":138,"column":20}},"loc":{"start":{"line":138,"column":25},"end":{"line":138,"column":58}},"line":138}},"branchMap":{"0":{"loc":{"start":{"line":42,"column":21},"end":{"line":42,"column":65}},"type":"binary-expr","locations":[{"start":{"line":42,"column":21},"end":{"line":42,"column":34}},{"start":{"line":42,"column":38},"end":{"line":42,"column":65}}],"line":42},"1":{"loc":{"start":{"line":44,"column":6},"end":{"line":48,"column":7}},"type":"if","locations":[{"start":{"line":44,"column":6},"end":{"line":48,"column":7}},{"start":{},"end":{}}],"line":44},"2":{"loc":{"start":{"line":49,"column":14},"end":{"line":49,"column":31}},"type":"binary-expr","locations":[{"start":{"line":49,"column":14},"end":{"line":49,"column":26}},{"start":{"line":49,"column":30},"end":{"line":49,"column":31}}],"line":49},"3":{"loc":{"start":{"line":49,"column":36},"end":{"line":49,"column":53}},"type":"binary-expr","locations":[{"start":{"line":49,"column":36},"end":{"line":49,"column":48}},{"start":{"line":49,"column":52},"end":{"line":49,"column":53}}],"line":49},"4":{"loc":{"start":{"line":70,"column":9},"end":{"line":115,"column":9}},"type":"binary-expr","locations":[{"start":{"line":70,"column":9},"end":{"line":70,"column":27}},{"start":{"line":71,"column":10},"end":{"line":114,"column":17}}],"line":70},"5":{"loc":{"start":{"line":80,"column":36},"end":{"line":80,"column":71}},"type":"cond-expr","locations":[{"start":{"line":80,"column":60},"end":{"line":80,"column":64}},{"start":{"line":80,"column":67},"end":{"line":80,"column":71}}],"line":80},"6":{"loc":{"start":{"line":94,"column":28},"end":{"line":94,"column":69}},"type":"cond-expr","locations":[{"start":{"line":94,"column":48},"end":{"line":94,"column":54}},{"start":{"line":94,"column":57},"end":{"line":94,"column":69}}],"line":94},"7":{"loc":{"start":{"line":117,"column":9},"end":{"line":133,"column":9}},"type":"cond-expr","locations":[{"start":{"line":118,"column":10},"end":{"line":125,"column":17}},{"start":{"line":127,"column":10},"end":{"line":132,"column":12}}],"line":117}},"s":{"0":1,"1":36,"2":36,"3":36,"4":36,"5":36,"6":36,"7":36,"8":36,"9":36,"10":36,"11":36,"12":36,"13":36,"14":36,"15":36,"16":12,"17":12,"18":12,"19":11,"20":1,"21":12,"22":36,"23":12,"24":36,"25":60,"26":24,"27":24,"28":0,"29":36,"30":60,"31":60,"32":36,"33":54,"34":1,"35":36,"36":70,"37":60,"38":2,"39":0,"40":0,"41":0,"42":0,"43":0,"44":0,"45":64,"46":1,"47":1},"f":{"0":36,"1":36,"2":36,"3":36,"4":36,"5":36,"6":36,"7":12,"8":12,"9":60,"10":24,"11":60,"12":60,"13":54,"14":1,"15":70,"16":60,"17":2,"18":0,"19":0,"20":0,"21":0,"22":64,"23":1},"b":{"0":[60,12],"1":[24,0],"2":[0,0],"3":[0,0],"4":[36,30],"5":[1,1],"6":[30,0],"7":[6,30]},"_coverageSchema":"1a1c01bbd47fc00a2c39e90264f33305004495a9","hash":"4a451dcea9bee146fd95d382fa336bdb3c52d06f"}
,"/Users/dev/Desktop/Projects/RNTP/src/screens/LoginScreen.tsx": {"path":"/Users/dev/Desktop/Projects/RNTP/src/screens/LoginScreen.tsx","statementMap":{"0":{"start":{"line":11,"column":22},"end":{"line":20,"column":1}},"1":{"start":{"line":12,"column":2},"end":{"line":14,"column":3}},"2":{"start":{"line":13,"column":4},"end":{"line":13,"column":31}},"3":{"start":{"line":15,"column":21},"end":{"line":15,"column":49}},"4":{"start":{"line":16,"column":2},"end":{"line":18,"column":3}},"5":{"start":{"line":17,"column":4},"end":{"line":17,"column":48}},"6":{"start":{"line":19,"column":2},"end":{"line":19,"column":12}},"7":{"start":{"line":22,"column":25},"end":{"line":30,"column":1}},"8":{"start":{"line":23,"column":2},"end":{"line":25,"column":3}},"9":{"start":{"line":24,"column":4},"end":{"line":24,"column":34}},"10":{"start":{"line":26,"column":2},"end":{"line":28,"column":3}},"11":{"start":{"line":27,"column":4},"end":{"line":27,"column":57}},"12":{"start":{"line":29,"column":2},"end":{"line":29,"column":12}},"13":{"start":{"line":32,"column":27},"end":{"line":149,"column":1}},"14":{"start":{"line":33,"column":28},"end":{"line":33,"column":40}},"15":{"start":{"line":34,"column":34},"end":{"line":34,"column":46}},"16":{"start":{"line":35,"column":38},"end":{"line":35,"column":50}},"17":{"start":{"line":36,"column":44},"end":{"line":36,"column":56}},"18":{"start":{"line":37,"column":28},"end":{"line":37,"column":40}},"19":{"start":{"line":38,"column":32},"end":{"line":38,"column":47}},"20":{"start":{"line":39,"column":18},"end":{"line":39,"column":50}},"21":{"start":{"line":39,"column":36},"end":{"line":39,"column":49}},"22":{"start":{"line":41,"column":28},"end":{"line":46,"column":3}},"23":{"start":{"line":42,"column":4},"end":{"line":42,"column":20}},"24":{"start":{"line":43,"column":4},"end":{"line":45,"column":5}},"25":{"start":{"line":44,"column":6},"end":{"line":44,"column":24}},"26":{"start":{"line":48,"column":31},"end":{"line":53,"column":3}},"27":{"start":{"line":49,"column":4},"end":{"line":49,"column":23}},"28":{"start":{"line":50,"column":4},"end":{"line":52,"column":5}},"29":{"start":{"line":51,"column":6},"end":{"line":51,"column":27}},"30":{"start":{"line":55,"column":26},"end":{"line":58,"column":3}},"31":{"start":{"line":56,"column":33},"end":{"line":56,"column":53}},"32":{"start":{"line":57,"column":4},"end":{"line":57,"column":40}},"33":{"start":{"line":60,"column":29},"end":{"line":63,"column":3}},"34":{"start":{"line":61,"column":36},"end":{"line":61,"column":62}},"35":{"start":{"line":62,"column":4},"end":{"line":62,"column":46}},"36":{"start":{"line":65,"column":22},"end":{"line":95,"column":3}},"37":{"start":{"line":66,"column":33},"end":{"line":66,"column":53}},"38":{"start":{"line":67,"column":36},"end":{"line":67,"column":62}},"39":{"start":{"line":69,"column":4},"end":{"line":69,"column":40}},"40":{"start":{"line":70,"column":4},"end":{"line":70,"column":46}},"41":{"start":{"line":72,"column":4},"end":{"line":75,"column":5}},"42":{"start":{"line":73,"column":6},"end":{"line":73,"column":46}},"43":{"start":{"line":74,"column":6},"end":{"line":74,"column":13}},"44":{"start":{"line":77,"column":4},"end":{"line":94,"column":5}},"45":{"start":{"line":78,"column":6},"end":{"line":78,"column":23}},"46":{"start":{"line":79,"column":6},"end":{"line":79,"column":19}},"47":{"start":{"line":81,"column":21},"end":{"line":81,"column":65}},"48":{"start":{"line":83,"column":6},"end":{"line":85,"column":7}},"49":{"start":{"line":84,"column":8},"end":{"line":84,"column":29}},"50":{"start":{"line":87,"column":6},"end":{"line":91,"column":8}},"51":{"start":{"line":93,"column":6},"end":{"line":93,"column":24}},"52":{"start":{"line":97,"column":2},"end":{"line":148,"column":4}},"53":{"start":{"line":133,"column":25},"end":{"line":133,"column":54}},"54":{"start":{"line":141,"column":27},"end":{"line":141,"column":39}},"55":{"start":{"line":151,"column":15},"end":{"line":172,"column":2}}},"fnMap":{"0":{"name":"(anonymous_0)","decl":{"start":{"line":11,"column":22},"end":{"line":11,"column":23}},"loc":{"start":{"line":11,"column":49},"end":{"line":20,"column":1}},"line":11},"1":{"name":"(anonymous_1)","decl":{"start":{"line":22,"column":25},"end":{"line":22,"column":26}},"loc":{"start":{"line":22,"column":55},"end":{"line":30,"column":1}},"line":22},"2":{"name":"(anonymous_2)","decl":{"start":{"line":32,"column":27},"end":{"line":32,"column":28}},"loc":{"start":{"line":32,"column":52},"end":{"line":149,"column":1}},"line":32},"3":{"name":"(anonymous_3)","decl":{"start":{"line":39,"column":27},"end":{"line":39,"column":28}},"loc":{"start":{"line":39,"column":36},"end":{"line":39,"column":49}},"line":39},"4":{"name":"(anonymous_4)","decl":{"start":{"line":41,"column":28},"end":{"line":41,"column":29}},"loc":{"start":{"line":41,"column":47},"end":{"line":46,"column":3}},"line":41},"5":{"name":"(anonymous_5)","decl":{"start":{"line":48,"column":31},"end":{"line":48,"column":32}},"loc":{"start":{"line":48,"column":50},"end":{"line":53,"column":3}},"line":48},"6":{"name":"(anonymous_6)","decl":{"start":{"line":55,"column":26},"end":{"line":55,"column":27}},"loc":{"start":{"line":55,"column":32},"end":{"line":58,"column":3}},"line":55},"7":{"name":"(anonymous_7)","decl":{"start":{"line":60,"column":29},"end":{"line":60,"column":30}},"loc":{"start":{"line":60,"column":35},"end":{"line":63,"column":3}},"line":60},"8":{"name":"(anonymous_8)","decl":{"start":{"line":65,"column":22},"end":{"line":65,"column":23}},"loc":{"start":{"line":65,"column":34},"end":{"line":95,"column":3}},"line":65},"9":{"name":"(anonymous_9)","decl":{"start":{"line":133,"column":19},"end":{"line":133,"column":20}},"loc":{"start":{"line":133,"column":25},"end":{"line":133,"column":54}},"line":133},"10":{"name":"(anonymous_10)","decl":{"start":{"line":141,"column":21},"end":{"line":141,"column":22}},"loc":{"start":{"line":141,"column":27},"end":{"line":141,"column":39}},"line":141}},"branchMap":{"0":{"loc":{"start":{"line":12,"column":2},"end":{"line":14,"column":3}},"type":"if","locations":[{"start":{"line":12,"column":2},"end":{"line":14,"column":3}},{"start":{},"end":{}}],"line":12},"1":{"loc":{"start":{"line":16,"column":2},"end":{"line":18,"column":3}},"type":"if","locations":[{"start":{"line":16,"column":2},"end":{"line":18,"column":3}},{"start":{},"end":{}}],"line":16},"2":{"loc":{"start":{"line":23,"column":2},"end":{"line":25,"column":3}},"type":"if","locations":[{"start":{"line":23,"column":2},"end":{"line":25,"column":3}},{"start":{},"end":{}}],"line":23},"3":{"loc":{"start":{"line":26,"column":2},"end":{"line":28,"column":3}},"type":"if","locations":[{"start":{"line":26,"column":2},"end":{"line":28,"column":3}},{"start":{},"end":{}}],"line":26},"4":{"loc":{"start":{"line":43,"column":4},"end":{"line":45,"column":5}},"type":"if","locations":[{"start":{"line":43,"column":4},"end":{"line":45,"column":5}},{"start":{},"end":{}}],"line":43},"5":{"loc":{"start":{"line":50,"column":4},"end":{"line":52,"column":5}},"type":"if","locations":[{"start":{"line":50,"column":4},"end":{"line":52,"column":5}},{"start":{},"end":{}}],"line":50},"6":{"loc":{"start":{"line":72,"column":4},"end":{"line":75,"column":5}},"type":"if","locations":[{"start":{"line":72,"column":4},"end":{"line":75,"column":5}},{"start":{},"end":{}}],"line":72},"7":{"loc":{"start":{"line":72,"column":8},"end":{"line":72,"column":55}},"type":"binary-expr","locations":[{"start":{"line":72,"column":8},"end":{"line":72,"column":28}},{"start":{"line":72,"column":32},"end":{"line":72,"column":55}}],"line":72},"8":{"loc":{"start":{"line":83,"column":6},"end":{"line":85,"column":7}},"type":"if","locations":[{"start":{"line":83,"column":6},"end":{"line":85,"column":7}},{"start":{},"end":{}}],"line":83}},"s":{"0":1,"1":7,"2":1,"3":6,"4":6,"5":3,"6":3,"7":1,"8":8,"9":4,"10":4,"11":1,"12":3,"13":1,"14":39,"15":39,"16":39,"17":39,"18":39,"19":39,"20":39,"21":117,"22":39,"23":8,"24":8,"25":1,"26":39,"27":8,"28":8,"29":1,"30":39,"31":2,"32":2,"33":39,"34":3,"35":3,"36":39,"37":5,"38":5,"39":5,"40":5,"41":5,"42":2,"43":2,"44":3,"45":3,"46":3,"47":3,"48":2,"49":2,"50":1,"51":3,"52":39,"53":1,"54":1,"55":1},"f":{"0":7,"1":8,"2":39,"3":117,"4":8,"5":8,"6":2,"7":3,"8":5,"9":1,"10":1},"b":{"0":[1,6],"1":[3,3],"2":[4,4],"3":[1,3],"4":[1,7],"5":[1,7],"6":[2,3],"7":[5,3],"8":[2,0]},"_coverageSchema":"1a1c01bbd47fc00a2c39e90264f33305004495a9","hash":"3b49bdf77971bf1fc778cf15ce45a8c0d934bdc7"}
,"/Users/dev/Desktop/Projects/RNTP/src/screens/NewJournalScreen.tsx": {"path":"/Users/dev/Desktop/Projects/RNTP/src/screens/NewJournalScreen.tsx","statementMap":{"0":{"start":{"line":11,"column":32},"end":{"line":81,"column":1}},"1":{"start":{"line":12,"column":28},"end":{"line":12,"column":40}},"2":{"start":{"line":13,"column":32},"end":{"line":13,"column":44}},"3":{"start":{"line":14,"column":32},"end":{"line":14,"column":47}},"4":{"start":{"line":15,"column":19},"end":{"line":15,"column":52}},"5":{"start":{"line":15,"column":37},"end":{"line":15,"column":51}},"6":{"start":{"line":17,"column":23},"end":{"line":36,"column":3}},"7":{"start":{"line":18,"column":4},"end":{"line":18,"column":35}},"8":{"start":{"line":18,"column":28},"end":{"line":18,"column":35}},"9":{"start":{"line":20,"column":4},"end":{"line":35,"column":5}},"10":{"start":{"line":21,"column":6},"end":{"line":21,"column":23}},"11":{"start":{"line":23,"column":21},"end":{"line":23,"column":73}},"12":{"start":{"line":25,"column":6},"end":{"line":25,"column":23}},"13":{"start":{"line":26,"column":6},"end":{"line":26,"column":62}},"14":{"start":{"line":28,"column":6},"end":{"line":32,"column":8}},"15":{"start":{"line":34,"column":6},"end":{"line":34,"column":24}},"16":{"start":{"line":38,"column":2},"end":{"line":80,"column":4}},"17":{"start":{"line":83,"column":15},"end":{"line":126,"column":2}}},"fnMap":{"0":{"name":"(anonymous_0)","decl":{"start":{"line":11,"column":32},"end":{"line":11,"column":33}},"loc":{"start":{"line":11,"column":57},"end":{"line":81,"column":1}},"line":11},"1":{"name":"(anonymous_1)","decl":{"start":{"line":15,"column":28},"end":{"line":15,"column":29}},"loc":{"start":{"line":15,"column":37},"end":{"line":15,"column":51}},"line":15},"2":{"name":"(anonymous_2)","decl":{"start":{"line":17,"column":23},"end":{"line":17,"column":24}},"loc":{"start":{"line":17,"column":35},"end":{"line":36,"column":3}},"line":17}},"branchMap":{"0":{"loc":{"start":{"line":18,"column":4},"end":{"line":18,"column":35}},"type":"if","locations":[{"start":{"line":18,"column":4},"end":{"line":18,"column":35}},{"start":{},"end":{}}],"line":18},"1":{"loc":{"start":{"line":18,"column":8},"end":{"line":18,"column":26}},"type":"binary-expr","locations":[{"start":{"line":18,"column":8},"end":{"line":18,"column":14}},{"start":{"line":18,"column":18},"end":{"line":18,"column":26}}],"line":18},"2":{"loc":{"start":{"line":62,"column":11},"end":{"line":67,"column":11}},"type":"binary-expr","locations":[{"start":{"line":62,"column":11},"end":{"line":62,"column":18}},{"start":{"line":63,"column":12},"end":{"line":66,"column":19}}],"line":62},"3":{"loc":{"start":{"line":72,"column":22},"end":{"line":72,"column":51}},"type":"binary-expr","locations":[{"start":{"line":72,"column":22},"end":{"line":72,"column":28}},{"start":{"line":72,"column":32},"end":{"line":72,"column":40}},{"start":{"line":72,"column":44},"end":{"line":72,"column":51}}],"line":72}},"s":{"0":1,"1":32,"2":32,"3":32,"4":32,"5":32,"6":32,"7":5,"8":0,"9":5,"10":5,"11":5,"12":4,"13":4,"14":1,"15":5,"16":32,"17":1},"f":{"0":32,"1":32,"2":5},"b":{"0":[0,5],"1":[5,5],"2":[32,5],"3":[32,22,16]},"_coverageSchema":"1a1c01bbd47fc00a2c39e90264f33305004495a9","hash":"10d2831665836b17aca17dd0024d134544f9b6dc"}
,"/Users/dev/Desktop/Projects/RNTP/src/screens/ProfileScreen.tsx": {"path":"/Users/dev/Desktop/Projects/RNTP/src/screens/ProfileScreen.tsx","statementMap":{"0":{"start":{"line":15,"column":18},"end":{"line":15,"column":42}},"1":{"start":{"line":18,"column":18},"end":{"line":36,"column":1}},"2":{"start":{"line":24,"column":2},"end":{"line":35,"column":9}},"3":{"start":{"line":39,"column":18},"end":{"line":124,"column":1}},"4":{"start":{"line":40,"column":20},"end":{"line":62,"column":15}},"5":{"start":{"line":41,"column":22},"end":{"line":41,"column":24}},"6":{"start":{"line":42,"column":18},"end":{"line":42,"column":28}},"7":{"start":{"line":44,"column":4},"end":{"line":59,"column":5}},"8":{"start":{"line":44,"column":17},"end":{"line":44,"column":18}},"9":{"start":{"line":45,"column":19},"end":{"line":45,"column":34}},"10":{"start":{"line":46,"column":6},"end":{"line":46,"column":39}},"11":{"start":{"line":47,"column":22},"end":{"line":47,"column":54}},"12":{"start":{"line":49,"column":23},"end":{"line":51,"column":7}},"13":{"start":{"line":50,"column":8},"end":{"line":50,"column":50}},"14":{"start":{"line":53,"column":6},"end":{"line":58,"column":9}},"15":{"start":{"line":61,"column":4},"end":{"line":61,"column":21}},"16":{"start":{"line":64,"column":19},"end":{"line":64,"column":21}},"17":{"start":{"line":65,"column":22},"end":{"line":65,"column":25}},"18":{"start":{"line":66,"column":21},"end":{"line":66,"column":31}},"19":{"start":{"line":68,"column":2},"end":{"line":123,"column":4}},"20":{"start":{"line":75,"column":10},"end":{"line":81,"column":12}},"21":{"start":{"line":87,"column":22},"end":{"line":87,"column":74}},"22":{"start":{"line":88,"column":22},"end":{"line":90,"column":20}},"23":{"start":{"line":92,"column":12},"end":{"line":118,"column":14}},"24":{"start":{"line":126,"column":29},"end":{"line":411,"column":1}},"25":{"start":{"line":127,"column":15},"end":{"line":127,"column":44}},"26":{"start":{"line":127,"column":33},"end":{"line":127,"column":43}},"27":{"start":{"line":128,"column":18},"end":{"line":128,"column":50}},"28":{"start":{"line":128,"column":36},"end":{"line":128,"column":49}},"29":{"start":{"line":129,"column":18},"end":{"line":129,"column":50}},"30":{"start":{"line":129,"column":36},"end":{"line":129,"column":49}},"31":{"start":{"line":130,"column":21},"end":{"line":130,"column":56}},"32":{"start":{"line":130,"column":39},"end":{"line":130,"column":55}},"33":{"start":{"line":132,"column":38},"end":{"line":132,"column":53}},"34":{"start":{"line":133,"column":62},"end":{"line":133,"column":77}},"35":{"start":{"line":136,"column":2},"end":{"line":174,"column":28}},"36":{"start":{"line":137,"column":30},"end":{"line":139,"column":5}},"37":{"start":{"line":138,"column":6},"end":{"line":138,"column":46}},"38":{"start":{"line":141,"column":4},"end":{"line":173,"column":5}},"39":{"start":{"line":142,"column":6},"end":{"line":142,"column":38}},"40":{"start":{"line":144,"column":29},"end":{"line":163,"column":7}},"41":{"start":{"line":145,"column":8},"end":{"line":162,"column":9}},"42":{"start":{"line":146,"column":33},"end":{"line":146,"column":69}},"43":{"start":{"line":147,"column":10},"end":{"line":147,"column":37}},"44":{"start":{"line":149,"column":34},"end":{"line":151,"column":11}},"45":{"start":{"line":150,"column":12},"end":{"line":150,"column":52}},"46":{"start":{"line":153,"column":10},"end":{"line":156,"column":11}},"47":{"start":{"line":154,"column":12},"end":{"line":154,"column":45}},"48":{"start":{"line":155,"column":12},"end":{"line":155,"column":24}},"49":{"start":{"line":157,"column":10},"end":{"line":157,"column":23}},"50":{"start":{"line":159,"column":10},"end":{"line":159,"column":75}},"51":{"start":{"line":160,"column":10},"end":{"line":160,"column":43}},"52":{"start":{"line":161,"column":10},"end":{"line":161,"column":22}},"53":{"start":{"line":165,"column":27},"end":{"line":170,"column":14}},"54":{"start":{"line":166,"column":26},"end":{"line":166,"column":48}},"55":{"start":{"line":167,"column":8},"end":{"line":169,"column":9}},"56":{"start":{"line":168,"column":10},"end":{"line":168,"column":38}},"57":{"start":{"line":172,"column":6},"end":{"line":172,"column":47}},"58":{"start":{"line":172,"column":19},"end":{"line":172,"column":46}},"59":{"start":{"line":176,"column":20},"end":{"line":186,"column":18}},"60":{"start":{"line":177,"column":4},"end":{"line":177,"column":24}},"61":{"start":{"line":178,"column":4},"end":{"line":185,"column":5}},"62":{"start":{"line":179,"column":29},"end":{"line":179,"column":65}},"63":{"start":{"line":180,"column":6},"end":{"line":180,"column":33}},"64":{"start":{"line":182,"column":6},"end":{"line":182,"column":72}},"65":{"start":{"line":184,"column":6},"end":{"line":184,"column":27}},"66":{"start":{"line":188,"column":26},"end":{"line":217,"column":3}},"67":{"start":{"line":189,"column":4},"end":{"line":189,"column":39}},"68":{"start":{"line":189,"column":30},"end":{"line":189,"column":39}},"69":{"start":{"line":191,"column":26},"end":{"line":193,"column":5}},"70":{"start":{"line":192,"column":6},"end":{"line":192,"column":73}},"71":{"start":{"line":195,"column":17},"end":{"line":195,"column":18}},"72":{"start":{"line":196,"column":22},"end":{"line":196,"column":32}},"73":{"start":{"line":197,"column":4},"end":{"line":197,"column":37}},"74":{"start":{"line":199,"column":4},"end":{"line":214,"column":5}},"75":{"start":{"line":200,"column":24},"end":{"line":200,"column":50}},"76":{"start":{"line":201,"column":6},"end":{"line":201,"column":37}},"77":{"start":{"line":203,"column":23},"end":{"line":203,"column":66}},"78":{"start":{"line":204,"column":23},"end":{"line":204,"column":66}},"79":{"start":{"line":206,"column":6},"end":{"line":213,"column":7}},"80":{"start":{"line":207,"column":8},"end":{"line":207,"column":17}},"81":{"start":{"line":208,"column":8},"end":{"line":208,"column":55}},"82":{"start":{"line":209,"column":13},"end":{"line":213,"column":7}},"83":{"start":{"line":210,"column":8},"end":{"line":210,"column":17}},"84":{"start":{"line":212,"column":8},"end":{"line":212,"column":14}},"85":{"start":{"line":216,"column":4},"end":{"line":216,"column":18}},"86":{"start":{"line":219,"column":20},"end":{"line":246,"column":15}},"87":{"start":{"line":220,"column":26},"end":{"line":220,"column":46}},"88":{"start":{"line":221,"column":25},"end":{"line":223,"column":11}},"89":{"start":{"line":222,"column":46},"end":{"line":222,"column":75}},"90":{"start":{"line":225,"column":27},"end":{"line":232,"column":10}},"91":{"start":{"line":227,"column":25},"end":{"line":227,"column":35}},"92":{"start":{"line":229,"column":10},"end":{"line":229,"column":55}},"93":{"start":{"line":230,"column":10},"end":{"line":230,"column":21}},"94":{"start":{"line":234,"column":20},"end":{"line":236,"column":17}},"95":{"start":{"line":235,"column":53},"end":{"line":235,"column":98}},"96":{"start":{"line":238,"column":23},"end":{"line":238,"column":72}},"97":{"start":{"line":240,"column":4},"end":{"line":245,"column":6}},"98":{"start":{"line":248,"column":23},"end":{"line":275,"column":3}},"99":{"start":{"line":249,"column":4},"end":{"line":274,"column":6}},"100":{"start":{"line":261,"column":12},"end":{"line":270,"column":13}},"101":{"start":{"line":262,"column":14},"end":{"line":262,"column":41}},"102":{"start":{"line":263,"column":14},"end":{"line":263,"column":28}},"103":{"start":{"line":265,"column":14},"end":{"line":269,"column":16}},"104":{"start":{"line":277,"column":22},"end":{"line":282,"column":3}},"105":{"start":{"line":278,"column":4},"end":{"line":278,"column":58}},"106":{"start":{"line":278,"column":47},"end":{"line":278,"column":58}},"107":{"start":{"line":279,"column":25},"end":{"line":279,"column":57}},"108":{"start":{"line":280,"column":24},"end":{"line":280,"column":55}},"109":{"start":{"line":281,"column":4},"end":{"line":281,"column":54}},"110":{"start":{"line":284,"column":25},"end":{"line":289,"column":3}},"111":{"start":{"line":285,"column":4},"end":{"line":287,"column":5}},"112":{"start":{"line":286,"column":6},"end":{"line":286,"column":71}},"113":{"start":{"line":288,"column":4},"end":{"line":288,"column":33}},"114":{"start":{"line":291,"column":2},"end":{"line":410,"column":4}},"115":{"start":{"line":374,"column":16},"end":{"line":392,"column":23}},"116":{"start":{"line":413,"column":15},"end":{"line":645,"column":2}}},"fnMap":{"0":{"name":"(anonymous_0)","decl":{"start":{"line":18,"column":18},"end":{"line":18,"column":19}},"loc":{"start":{"line":24,"column":2},"end":{"line":35,"column":9}},"line":24},"1":{"name":"(anonymous_1)","decl":{"start":{"line":39,"column":18},"end":{"line":39,"column":19}},"loc":{"start":{"line":39,"column":55},"end":{"line":124,"column":1}},"line":39},"2":{"name":"(anonymous_2)","decl":{"start":{"line":40,"column":28},"end":{"line":40,"column":29}},"loc":{"start":{"line":40,"column":34},"end":{"line":62,"column":3}},"line":40},"3":{"name":"(anonymous_3)","decl":{"start":{"line":49,"column":36},"end":{"line":49,"column":37}},"loc":{"start":{"line":50,"column":8},"end":{"line":50,"column":50}},"line":50},"4":{"name":"(anonymous_4)","decl":{"start":{"line":74,"column":30},"end":{"line":74,"column":31}},"loc":{"start":{"line":75,"column":10},"end":{"line":81,"column":12}},"line":75},"5":{"name":"(anonymous_5)","decl":{"start":{"line":86,"column":25},"end":{"line":86,"column":26}},"loc":{"start":{"line":86,"column":43},"end":{"line":119,"column":11}},"line":86},"6":{"name":"(anonymous_6)","decl":{"start":{"line":126,"column":29},"end":{"line":126,"column":30}},"loc":{"start":{"line":126,"column":35},"end":{"line":411,"column":1}},"line":126},"7":{"name":"(anonymous_7)","decl":{"start":{"line":127,"column":24},"end":{"line":127,"column":25}},"loc":{"start":{"line":127,"column":33},"end":{"line":127,"column":43}},"line":127},"8":{"name":"(anonymous_8)","decl":{"start":{"line":128,"column":27},"end":{"line":128,"column":28}},"loc":{"start":{"line":128,"column":36},"end":{"line":128,"column":49}},"line":128},"9":{"name":"(anonymous_9)","decl":{"start":{"line":129,"column":27},"end":{"line":129,"column":28}},"loc":{"start":{"line":129,"column":36},"end":{"line":129,"column":49}},"line":129},"10":{"name":"(anonymous_10)","decl":{"start":{"line":130,"column":30},"end":{"line":130,"column":31}},"loc":{"start":{"line":130,"column":39},"end":{"line":130,"column":55}},"line":130},"11":{"name":"(anonymous_11)","decl":{"start":{"line":136,"column":12},"end":{"line":136,"column":13}},"loc":{"start":{"line":136,"column":18},"end":{"line":174,"column":3}},"line":136},"12":{"name":"(anonymous_12)","decl":{"start":{"line":137,"column":45},"end":{"line":137,"column":46}},"loc":{"start":{"line":138,"column":6},"end":{"line":138,"column":46}},"line":138},"13":{"name":"(anonymous_13)","decl":{"start":{"line":144,"column":29},"end":{"line":144,"column":30}},"loc":{"start":{"line":144,"column":41},"end":{"line":163,"column":7}},"line":144},"14":{"name":"(anonymous_14)","decl":{"start":{"line":149,"column":56},"end":{"line":149,"column":57}},"loc":{"start":{"line":150,"column":12},"end":{"line":150,"column":52}},"line":150},"15":{"name":"(anonymous_15)","decl":{"start":{"line":165,"column":39},"end":{"line":165,"column":40}},"loc":{"start":{"line":165,"column":51},"end":{"line":170,"column":7}},"line":165},"16":{"name":"(anonymous_16)","decl":{"start":{"line":172,"column":13},"end":{"line":172,"column":14}},"loc":{"start":{"line":172,"column":19},"end":{"line":172,"column":46}},"line":172},"17":{"name":"(anonymous_17)","decl":{"start":{"line":176,"column":32},"end":{"line":176,"column":33}},"loc":{"start":{"line":176,"column":44},"end":{"line":186,"column":3}},"line":176},"18":{"name":"(anonymous_18)","decl":{"start":{"line":188,"column":26},"end":{"line":188,"column":27}},"loc":{"start":{"line":188,"column":46},"end":{"line":217,"column":3}},"line":188},"19":{"name":"(anonymous_19)","decl":{"start":{"line":191,"column":44},"end":{"line":191,"column":45}},"loc":{"start":{"line":192,"column":6},"end":{"line":192,"column":73}},"line":192},"20":{"name":"(anonymous_20)","decl":{"start":{"line":219,"column":28},"end":{"line":219,"column":29}},"loc":{"start":{"line":219,"column":34},"end":{"line":246,"column":3}},"line":219},"21":{"name":"(anonymous_21)","decl":{"start":{"line":222,"column":30},"end":{"line":222,"column":31}},"loc":{"start":{"line":222,"column":46},"end":{"line":222,"column":75}},"line":222},"22":{"name":"(anonymous_22)","decl":{"start":{"line":227,"column":16},"end":{"line":227,"column":17}},"loc":{"start":{"line":227,"column":25},"end":{"line":227,"column":35}},"line":227},"23":{"name":"(anonymous_23)","decl":{"start":{"line":228,"column":16},"end":{"line":228,"column":17}},"loc":{"start":{"line":228,"column":32},"end":{"line":231,"column":9}},"line":228},"24":{"name":"(anonymous_24)","decl":{"start":{"line":235,"column":43},"end":{"line":235,"column":44}},"loc":{"start":{"line":235,"column":53},"end":{"line":235,"column":98}},"line":235},"25":{"name":"(anonymous_25)","decl":{"start":{"line":248,"column":23},"end":{"line":248,"column":24}},"loc":{"start":{"line":248,"column":35},"end":{"line":275,"column":3}},"line":248},"26":{"name":"(anonymous_26)","decl":{"start":{"line":260,"column":19},"end":{"line":260,"column":20}},"loc":{"start":{"line":260,"column":31},"end":{"line":271,"column":11}},"line":260},"27":{"name":"(anonymous_27)","decl":{"start":{"line":277,"column":22},"end":{"line":277,"column":23}},"loc":{"start":{"line":277,"column":28},"end":{"line":282,"column":3}},"line":277},"28":{"name":"(anonymous_28)","decl":{"start":{"line":284,"column":25},"end":{"line":284,"column":26}},"loc":{"start":{"line":284,"column":31},"end":{"line":289,"column":3}},"line":284},"29":{"name":"(anonymous_29)","decl":{"start":{"line":373,"column":39},"end":{"line":373,"column":40}},"loc":{"start":{"line":374,"column":16},"end":{"line":392,"column":23}},"line":374}},"branchMap":{"0":{"loc":{"start":{"line":30,"column":9},"end":{"line":32,"column":9}},"type":"binary-expr","locations":[{"start":{"line":30,"column":9},"end":{"line":30,"column":17}},{"start":{"line":31,"column":10},"end":{"line":31,"column":62}}],"line":30},"1":{"loc":{"start":{"line":55,"column":20},"end":{"line":55,"column":48}},"type":"binary-expr","locations":[{"start":{"line":55,"column":20},"end":{"line":55,"column":40}},{"start":{"line":55,"column":44},"end":{"line":55,"column":48}}],"line":55},"2":{"loc":{"start":{"line":56,"column":14},"end":{"line":56,"column":36}},"type":"binary-expr","locations":[{"start":{"line":56,"column":14},"end":{"line":56,"column":28}},{"start":{"line":56,"column":32},"end":{"line":56,"column":36}}],"line":56},"3":{"loc":{"start":{"line":88,"column":22},"end":{"line":90,"column":20}},"type":"cond-expr","locations":[{"start":{"line":89,"column":16},"end":{"line":89,"column":73}},{"start":{"line":90,"column":16},"end":{"line":90,"column":20}}],"line":88},"4":{"loc":{"start":{"line":95,"column":17},"end":{"line":106,"column":17}},"type":"binary-expr","locations":[{"start":{"line":95,"column":17},"end":{"line":95,"column":27}},{"start":{"line":96,"column":18},"end":{"line":105,"column":20}}],"line":95},"5":{"loc":{"start":{"line":102,"column":41},"end":{"line":102,"column":94}},"type":"cond-expr","locations":[{"start":{"line":102,"column":54},"end":{"line":102,"column":82}},{"start":{"line":102,"column":85},"end":{"line":102,"column":94}}],"line":102},"6":{"loc":{"start":{"line":138,"column":6},"end":{"line":138,"column":46}},"type":"binary-expr","locations":[{"start":{"line":138,"column":6},"end":{"line":138,"column":31}},{"start":{"line":138,"column":35},"end":{"line":138,"column":46}}],"line":138},"7":{"loc":{"start":{"line":141,"column":4},"end":{"line":173,"column":5}},"type":"if","locations":[{"start":{"line":141,"column":4},"end":{"line":173,"column":5}},{"start":{},"end":{}}],"line":141},"8":{"loc":{"start":{"line":150,"column":12},"end":{"line":150,"column":52}},"type":"binary-expr","locations":[{"start":{"line":150,"column":12},"end":{"line":150,"column":37}},{"start":{"line":150,"column":41},"end":{"line":150,"column":52}}],"line":150},"9":{"loc":{"start":{"line":153,"column":10},"end":{"line":156,"column":11}},"type":"if","locations":[{"start":{"line":153,"column":10},"end":{"line":156,"column":11}},{"start":{},"end":{}}],"line":153},"10":{"loc":{"start":{"line":167,"column":8},"end":{"line":169,"column":9}},"type":"if","locations":[{"start":{"line":167,"column":8},"end":{"line":169,"column":9}},{"start":{},"end":{}}],"line":167},"11":{"loc":{"start":{"line":189,"column":4},"end":{"line":189,"column":39}},"type":"if","locations":[{"start":{"line":189,"column":4},"end":{"line":189,"column":39}},{"start":{},"end":{}}],"line":189},"12":{"loc":{"start":{"line":206,"column":6},"end":{"line":213,"column":7}},"type":"if","locations":[{"start":{"line":206,"column":6},"end":{"line":213,"column":7}},{"start":{"line":209,"column":13},"end":{"line":213,"column":7}}],"line":206},"13":{"loc":{"start":{"line":209,"column":13},"end":{"line":213,"column":7}},"type":"if","locations":[{"start":{"line":209,"column":13},"end":{"line":213,"column":7}},{"start":{"line":211,"column":13},"end":{"line":213,"column":7}}],"line":209},"14":{"loc":{"start":{"line":221,"column":25},"end":{"line":223,"column":11}},"type":"cond-expr","locations":[{"start":{"line":222,"column":8},"end":{"line":222,"column":114}},{"start":{"line":223,"column":8},"end":{"line":223,"column":11}}],"line":221},"15":{"loc":{"start":{"line":222,"column":53},"end":{"line":222,"column":74}},"type":"binary-expr","locations":[{"start":{"line":222,"column":53},"end":{"line":222,"column":69}},{"start":{"line":222,"column":73},"end":{"line":222,"column":74}}],"line":222},"16":{"loc":{"start":{"line":225,"column":27},"end":{"line":232,"column":10}},"type":"cond-expr","locations":[{"start":{"line":226,"column":8},"end":{"line":231,"column":40}},{"start":{"line":232,"column":8},"end":{"line":232,"column":10}}],"line":225},"17":{"loc":{"start":{"line":229,"column":29},"end":{"line":229,"column":49}},"type":"binary-expr","locations":[{"start":{"line":229,"column":29},"end":{"line":229,"column":44}},{"start":{"line":229,"column":48},"end":{"line":229,"column":49}}],"line":229},"18":{"loc":{"start":{"line":234,"column":20},"end":{"line":236,"column":17}},"type":"cond-expr","locations":[{"start":{"line":235,"column":8},"end":{"line":235,"column":99}},{"start":{"line":236,"column":8},"end":{"line":236,"column":17}}],"line":234},"19":{"loc":{"start":{"line":235,"column":53},"end":{"line":235,"column":98}},"type":"cond-expr","locations":[{"start":{"line":235,"column":93},"end":{"line":235,"column":94}},{"start":{"line":235,"column":97},"end":{"line":235,"column":98}}],"line":235},"20":{"loc":{"start":{"line":238,"column":23},"end":{"line":238,"column":72}},"type":"cond-expr","locations":[{"start":{"line":238,"column":44},"end":{"line":238,"column":68}},{"start":{"line":238,"column":71},"end":{"line":238,"column":72}}],"line":238},"21":{"loc":{"start":{"line":278,"column":4},"end":{"line":278,"column":58}},"type":"if","locations":[{"start":{"line":278,"column":4},"end":{"line":278,"column":58}},{"start":{},"end":{}}],"line":278},"22":{"loc":{"start":{"line":278,"column":8},"end":{"line":278,"column":45}},"type":"binary-expr","locations":[{"start":{"line":278,"column":8},"end":{"line":278,"column":25}},{"start":{"line":278,"column":29},"end":{"line":278,"column":45}}],"line":278},"23":{"loc":{"start":{"line":279,"column":25},"end":{"line":279,"column":57}},"type":"binary-expr","locations":[{"start":{"line":279,"column":25},"end":{"line":279,"column":51}},{"start":{"line":279,"column":55},"end":{"line":279,"column":57}}],"line":279},"24":{"loc":{"start":{"line":280,"column":24},"end":{"line":280,"column":55}},"type":"binary-expr","locations":[{"start":{"line":280,"column":24},"end":{"line":280,"column":49}},{"start":{"line":280,"column":53},"end":{"line":280,"column":55}}],"line":280},"25":{"loc":{"start":{"line":285,"column":4},"end":{"line":287,"column":5}},"type":"if","locations":[{"start":{"line":285,"column":4},"end":{"line":287,"column":5}},{"start":{},"end":{}}],"line":285},"26":{"loc":{"start":{"line":285,"column":8},"end":{"line":285,"column":43}},"type":"binary-expr","locations":[{"start":{"line":285,"column":8},"end":{"line":285,"column":24}},{"start":{"line":285,"column":28},"end":{"line":285,"column":43}}],"line":285},"27":{"loc":{"start":{"line":286,"column":16},"end":{"line":286,"column":37}},"type":"binary-expr","locations":[{"start":{"line":286,"column":16},"end":{"line":286,"column":31}},{"start":{"line":286,"column":35},"end":{"line":286,"column":37}}],"line":286},"28":{"loc":{"start":{"line":286,"column":41},"end":{"line":286,"column":61}},"type":"binary-expr","locations":[{"start":{"line":286,"column":41},"end":{"line":286,"column":55}},{"start":{"line":286,"column":59},"end":{"line":286,"column":61}}],"line":286},"29":{"loc":{"start":{"line":288,"column":11},"end":{"line":288,"column":32}},"type":"binary-expr","locations":[{"start":{"line":288,"column":11},"end":{"line":288,"column":22}},{"start":{"line":288,"c
[...]
ine":25,"column":13}},"14":{"start":{"line":28,"column":4},"end":{"line":31,"column":5}},"15":{"start":{"line":29,"column":6},"end":{"line":29,"column":41}},"16":{"start":{"line":30,"column":6},"end":{"line":30,"column":13}},"17":{"start":{"line":33,"column":4},"end":{"line":65,"column":5}},"18":{"start":{"line":34,"column":6},"end":{"line":34,"column":23}},"19":{"start":{"line":35,"column":6},"end":{"line":35,"column":19}},"20":{"start":{"line":37,"column":21},"end":{"line":43,"column":8}},"21":{"start":{"line":45,"column":6},"end":{"line":56,"column":7}},"22":{"start":{"line":46,"column":8},"end":{"line":46,"column":29}},"23":{"start":{"line":48,"column":23},"end":{"line":48,"column":37}},"24":{"start":{"line":49,"column":8},"end":{"line":55,"column":10}},"25":{"start":{"line":58,"column":6},"end":{"line":62,"column":8}},"26":{"start":{"line":64,"column":6},"end":{"line":64,"column":24}},"27":{"start":{"line":68,"column":2},"end":{"line":140,"column":4}},"28":{"start":{"line":125,"column":25},"end":{"line":125,"column":53}},"29":{"start":{"line":133,"column":27},"end":{"line":133,"column":39}},"30":{"start":{"line":143,"column":15},"end":{"line":164,"column":2}}},"fnMap":{"0":{"name":"(anonymous_0)","decl":{"start":{"line":11,"column":28},"end":{"line":11,"column":29}},"loc":{"start":{"line":11,"column":53},"end":{"line":141,"column":1}},"line":11},"1":{"name":"(anonymous_1)","decl":{"start":{"line":20,"column":27},"end":{"line":20,"column":28}},"loc":{"start":{"line":20,"column":36},"end":{"line":20,"column":49}},"line":20},"2":{"name":"(anonymous_2)","decl":{"start":{"line":22,"column":23},"end":{"line":22,"column":24}},"loc":{"start":{"line":22,"column":35},"end":{"line":66,"column":3}},"line":22},"3":{"name":"(anonymous_3)","decl":{"start":{"line":125,"column":19},"end":{"line":125,"column":20}},"loc":{"start":{"line":125,"column":25},"end":{"line":125,"column":53}},"line":125},"4":{"name":"(anonymous_4)","decl":{"start":{"line":133,"column":21},"end":{"line":133,"column":22}},"loc":{"start":{"line":133,"column":27},"end":{"line":133,"column":39}},"line":133}},"branchMap":{"0":{"loc":{"start":{"line":23,"column":4},"end":{"line":26,"column":5}},"type":"if","locations":[{"start":{"line":23,"column":4},"end":{"line":26,"column":5}},{"start":{},"end":{}}],"line":23},"1":{"loc":{"start":{"line":23,"column":8},"end":{"line":23,"column":74}},"type":"binary-expr","locations":[{"start":{"line":23,"column":8},"end":{"line":23,"column":18}},{"start":{"line":23,"column":22},"end":{"line":23,"column":31}},{"start":{"line":23,"column":35},"end":{"line":23,"column":41}},{"start":{"line":23,"column":45},"end":{"line":23,"column":54}},{"start":{"line":23,"column":58},"end":{"line":23,"column":74}}],"line":23},"2":{"loc":{"start":{"line":28,"column":4},"end":{"line":31,"column":5}},"type":"if","locations":[{"start":{"line":28,"column":4},"end":{"line":31,"column":5}},{"start":{},"end":{}}],"line":28},"3":{"loc":{"start":{"line":45,"column":6},"end":{"line":56,"column":7}},"type":"if","locations":[{"start":{"line":45,"column":6},"end":{"line":56,"column":7}},{"start":{"line":47,"column":13},"end":{"line":56,"column":7}}],"line":45},"4":{"loc":{"start":{"line":51,"column":10},"end":{"line":53,"column":59}},"type":"cond-expr","locations":[{"start":{"line":52,"column":14},"end":{"line":52,"column":31}},{"start":{"line":53,"column":14},"end":{"line":53,"column":59}}],"line":51},"5":{"loc":{"start":{"line":60,"column":8},"end":{"line":60,"column":74}},"type":"binary-expr","locations":[{"start":{"line":60,"column":8},"end":{"line":60,"column":21}},{"start":{"line":60,"column":25},"end":{"line":60,"column":74}}],"line":60}},"s":{"0":1,"1":45,"2":45,"3":45,"4":45,"5":45,"6":45,"7":45,"8":45,"9":134,"10":45,"11":6,"12":2,"13":2,"14":4,"15":1,"16":1,"17":3,"18":3,"19":3,"20":3,"21":1,"22":1,"23":0,"24":0,"25":1,"26":2,"27":45,"28":1,"29":1,"30":1},"f":{"0":45,"1":134,"2":6,"3":1,"4":1},"b":{"0":[2,4],"1":[6,4,4,4,4],"2":[1,3],"3":[1,0],"4":[0,0],"5":[1,0]},"_coverageSchema":"1a1c01bbd47fc00a2c39e90264f33305004495a9","hash":"677e5e75260725da711c243303ab29e1e849799e"}
,"/Users/dev/Desktop/Projects/RNTP/src/services/auth.ts": {"path":"/Users/dev/Desktop/Projects/RNTP/src/services/auth.ts","statementMap":{"0":{"start":{"line":4,"column":27},"end":{"line":56,"column":1}},"1":{"start":{"line":6,"column":4},"end":{"line":24,"column":5}},"2":{"start":{"line":7,"column":23},"end":{"line":10,"column":7}},"3":{"start":{"line":12,"column":6},"end":{"line":15,"column":7}},"4":{"start":{"line":13,"column":8},"end":{"line":13,"column":55}},"5":{"start":{"line":14,"column":8},"end":{"line":14,"column":61}},"6":{"start":{"line":17,"column":6},"end":{"line":17,"column":27}},"7":{"start":{"line":19,"column":6},"end":{"line":22,"column":8}},"8":{"start":{"line":23,"column":6},"end":{"line":23,"column":78}},"9":{"start":{"line":28,"column":4},"end":{"line":44,"column":5}},"10":{"start":{"line":29,"column":23},"end":{"line":32,"column":7}},"11":{"start":{"line":34,"column":6},"end":{"line":38,"column":7}},"12":{"start":{"line":35,"column":8},"end":{"line":35,"column":55}},"13":{"start":{"line":37,"column":8},"end":{"line":37,"column":75}},"14":{"start":{"line":40,"column":6},"end":{"line":40,"column":27}},"15":{"start":{"line":42,"column":6},"end":{"line":42,"column":75}},"16":{"start":{"line":43,"column":6},"end":{"line":43,"column":71}},"17":{"start":{"line":48,"column":4},"end":{"line":54,"column":5}},"18":{"start":{"line":49,"column":6},"end":{"line":49,"column":29}},"19":{"start":{"line":51,"column":6},"end":{"line":51,"column":44}},"20":{"start":{"line":52,"column":6},"end":{"line":52,"column":29}},"21":{"start":{"line":53,"column":6},"end":{"line":53,"column":18}}},"fnMap":{"0":{"name":"(anonymous_0)","decl":{"start":{"line":5,"column":2},"end":{"line":5,"column":3}},"loc":{"start":{"line":5,"column":64},"end":{"line":25,"column":3}},"line":5},"1":{"name":"(anonymous_1)","decl":{"start":{"line":27,"column":2},"end":{"line":27,"column":3}},"loc":{"start":{"line":27,"column":61},"end":{"line":45,"column":3}},"line":27},"2":{"name":"(anonymous_2)","decl":{"start":{"line":47,"column":2},"end":{"line":47,"column":3}},"loc":{"start":{"line":47,"column":32},"end":{"line":55,"column":3}},"line":47}},"branchMap":{"0":{"loc":{"start":{"line":12,"column":6},"end":{"line":15,"column":7}},"type":"if","locations":[{"start":{"line":12,"column":6},"end":{"line":15,"column":7}},{"start":{},"end":{}}],"line":12},"1":{"loc":{"start":{"line":21,"column":8},"end":{"line":21,"column":45}},"type":"binary-expr","locations":[{"start":{"line":21,"column":8},"end":{"line":21,"column":28}},{"start":{"line":21,"column":32},"end":{"line":21,"column":45}}],"line":21},"2":{"loc":{"start":{"line":23,"column":22},"end":{"line":23,"column":76}},"type":"binary-expr","locations":[{"start":{"line":23,"column":22},"end":{"line":23,"column":51}},{"start":{"line":23,"column":55},"end":{"line":23,"column":76}}],"line":23},"3":{"loc":{"start":{"line":34,"column":6},"end":{"line":38,"column":7}},"type":"if","locations":[{"start":{"line":34,"column":6},"end":{"line":38,"column":7}},{"start":{"line":36,"column":13},"end":{"line":38,"column":7}}],"line":34},"4":{"loc":{"start":{"line":42,"column":36},"end":{"line":42,"column":73}},"type":"binary-expr","locations":[{"start":{"line":42,"column":36},"end":{"line":42,"column":56}},{"start":{"line":42,"column":60},"end":{"line":42,"column":73}}],"line":42},"5":{"loc":{"start":{"line":43,"column":22},"end":{"line":43,"column":69}},"type":"binary-expr","locations":[{"start":{"line":43,"column":22},"end":{"line":43,"column":51}},{"start":{"line":43,"column":55},"end":{"line":43,"column":69}}],"line":43}},"s":{"0":1,"1":3,"2":3,"3":1,"4":1,"5":1,"6":1,"7":2,"8":2,"9":4,"10":4,"11":2,"12":1,"13":1,"14":2,"15":2,"16":2,"17":2,"18":2,"19":0,"20":0,"21":0},"f":{"0":3,"1":4,"2":2},"b":{"0":[1,0],"1":[2,1],"2":[2,1],"3":[1,1],"4":[2,1],"5":[2,1]},"_coverageSchema":"1a1c01bbd47fc00a2c39e90264f33305004495a9","hash":"5236eb98a6e8152cf14adc6cecc0c0be5f313fd5"}
,"/Users/dev/Desktop/Projects/RNTP/src/services/journal.ts": {"path":"/Users/dev/Desktop/Projects/RNTP/src/services/journal.ts","statementMap":{"0":{"start":{"line":4,"column":30},"end":{"line":67,"column":1}},"1":{"start":{"line":6,"column":4},"end":{"line":13,"column":5}},"2":{"start":{"line":7,"column":23},"end":{"line":7,"column":72}},"3":{"start":{"line":8,"column":6},"end":{"line":8,"column":27}},"4":{"start":{"line":10,"column":6},"end":{"line":12,"column":8}},"5":{"start":{"line":17,"column":4},"end":{"line":24,"column":5}},"6":{"start":{"line":18,"column":23},"end":{"line":18,"column":75}},"7":{"start":{"line":19,"column":6},"end":{"line":19,"column":27}},"8":{"start":{"line":21,"column":6},"end":{"line":23,"column":8}},"9":{"start":{"line":28,"column":4},"end":{"line":38,"column":5}},"10":{"start":{"line":29,"column":23},"end":{"line":32,"column":7}},"11":{"start":{"line":33,"column":6},"end":{"line":33,"column":27}},"12":{"start":{"line":35,"column":6},"end":{"line":37,"column":8}},"13":{"start":{"line":45,"column":4},"end":{"line":55,"column":5}},"14":{"start":{"line":46,"column":23},"end":{"line":49,"column":7}},"15":{"start":{"line":50,"column":6},"end":{"line":50,"column":27}},"16":{"start":{"line":52,"column":6},"end":{"line":54,"column":8}},"17":{"start":{"line":59,"column":4},"end":{"line":65,"column":5}},"18":{"start":{"line":60,"column":6},"end":{"line":60,"column":48}},"19":{"start":{"line":62,"column":6},"end":{"line":64,"column":8}}},"fnMap":{"0":{"name":"(anonymous_0)","decl":{"start":{"line":5,"column":2},"end":{"line":5,"column":3}},"loc":{"start":{"line":5,"column":49},"end":{"line":14,"column":3}},"line":5},"1":{"name":"(anonymous_1)","decl":{"start":{"line":16,"column":2},"end":{"line":16,"column":3}},"loc":{"start":{"line":16,"column":52},"end":{"line":25,"column":3}},"line":16},"2":{"name":"(anonymous_2)","decl":{"start":{"line":27,"column":2},"end":{"line":27,"column":3}},"loc":{"start":{"line":27,"column":73},"end":{"line":39,"column":3}},"line":27},"3":{"name":"(anonymous_3)","decl":{"start":{"line":41,"column":2},"end":{"line":41,"column":3}},"loc":{"start":{"line":44,"column":27},"end":{"line":56,"column":3}},"line":44},"4":{"name":"(anonymous_4)","decl":{"start":{"line":58,"column":2},"end":{"line":58,"column":3}},"loc":{"start":{"line":58,"column":47},"end":{"line":66,"column":3}},"line":58}},"branchMap":{"0":{"loc":{"start":{"line":11,"column":8},"end":{"line":11,"column":74}},"type":"binary-expr","locations":[{"start":{"line":11,"column":8},"end":{"line":11,"column":37}},{"start":{"line":11,"column":41},"end":{"line":11,"column":74}}],"line":11},"1":{"loc":{"start":{"line":22,"column":8},"end":{"line":22,"column":72}},"type":"binary-expr","locations":[{"start":{"line":22,"column":8},"end":{"line":22,"column":37}},{"start":{"line":22,"column":41},"end":{"line":22,"column":72}}],"line":22},"2":{"loc":{"start":{"line":36,"column":8},"end":{"line":36,"column":73}},"type":"binary-expr","locations":[{"start":{"line":36,"column":8},"end":{"line":36,"column":37}},{"start":{"line":36,"column":41},"end":{"line":36,"column":73}}],"line":36},"3":{"loc":{"start":{"line":53,"column":8},"end":{"line":53,"column":73}},"type":"binary-expr","locations":[{"start":{"line":53,"column":8},"end":{"line":53,"column":37}},{"start":{"line":53,"column":41},"end":{"line":53,"column":73}}],"line":53},"4":{"loc":{"start":{"line":63,"column":8},"end":{"line":63,"column":73}},"type":"binary-expr","locations":[{"start":{"line":63,"column":8},"end":{"line":63,"column":37}},{"start":{"line":63,"column":41},"end":{"line":63,"column":73}}],"line":63}},"s":{"0":5,"1":3,"2":3,"3":1,"4":2,"5":2,"6":2,"7":1,"8":1,"9":2,"10":2,"11":1,"12":1,"13":2,"14":2,"15":1,"16":1,"17":2,"18":2,"19":1},"f":{"0":3,"1":2,"2":2,"3":2,"4":2},"b":{"0":[2,1],"1":[1,0],"2":[1,0],"3":[1,0],"4":[1,0]},"_coverageSchema":"1a1c01bbd47fc00a2c39e90264f33305004495a9","hash":"1d90385235603520464795d1ce6d12341f794c18"}
,"/Users/dev/Desktop/Projects/RNTP/src/store/useStore.ts": {"path":"/Users/dev/Desktop/Projects/RNTP/src/store/useStore.ts","statementMap":{"0":{"start":{"line":21,"column":24},"end":{"line":48,"column":3}},"1":{"start":{"line":21,"column":49},"end":{"line":48,"column":1}},"2":{"start":{"line":30,"column":19},"end":{"line":30,"column":32}},"3":{"start":{"line":31,"column":31},"end":{"line":31,"column":49}},"4":{"start":{"line":32,"column":25},"end":{"line":32,"column":39}},"5":{"start":{"line":34,"column":25},"end":{"line":34,"column":41}},"6":{"start":{"line":35,"column":21},"end":{"line":35,"column":75}},"7":{"start":{"line":35,"column":35},"end":{"line":35,"column":73}},"8":{"start":{"line":37,"column":4},"end":{"line":39,"column":7}},"9":{"start":{"line":37,"column":18},"end":{"line":39,"column":5}},"10":{"start":{"line":38,"column":39},"end":{"line":38,"column":68}},"11":{"start":{"line":41,"column":4},"end":{"line":43,"column":7}},"12":{"start":{"line":41,"column":18},"end":{"line":43,"column":5}},"13":{"start":{"line":42,"column":41},"end":{"line":42,"column":52}},"14":{"start":{"line":44,"column":34},"end":{"line":44,"column":52}},"15":{"start":{"line":45,"column":28},"end":{"line":45,"column":42}},"16":{"start":{"line":46,"column":27},"end":{"line":46,"column":54}},"17":{"start":{"line":47,"column":23},"end":{"line":47,"column":38}}},"fnMap":{"0":{"name":"(anonymous_0)","decl":{"start":{"line":21,"column":41},"end":{"line":21,"column":42}},"loc":{"start":{"line":21,"column":49},"end":{"line":48,"column":1}},"line":21},"1":{"name":"(anonymous_1)","decl":{"start":{"line":30,"column":11},"end":{"line":30,"column":12}},"loc":{"start":{"line":30,"column":19},"end":{"line":30,"column":32}},"line":30},"2":{"name":"(anonymous_2)","decl":{"start":{"line":31,"column":18},"end":{"line":31,"column":19}},"loc":{"start":{"line":31,"column":31},"end":{"line":31,"column":49}},"line":31},"3":{"name":"(anonymous_3)","decl":{"start":{"line":32,"column":16},"end":{"line":32,"column":17}},"loc":{"start":{"line":32,"column":25},"end":{"line":32,"column":39}},"line":32},"4":{"name":"(anonymous_4)","decl":{"start":{"line":34,"column":14},"end":{"line":34,"column":15}},"loc":{"start":{"line":34,"column":25},"end":{"line":34,"column":41}},"line":34},"5":{"name":"(anonymous_5)","decl":{"start":{"line":35,"column":12},"end":{"line":35,"column":13}},"loc":{"start":{"line":35,"column":21},"end":{"line":35,"column":75}},"line":35},"6":{"name":"(anonymous_6)","decl":{"start":{"line":35,"column":25},"end":{"line":35,"column":26}},"loc":{"start":{"line":35,"column":35},"end":{"line":35,"column":73}},"line":35},"7":{"name":"(anonymous_7)","decl":{"start":{"line":36,"column":15},"end":{"line":36,"column":16}},"loc":{"start":{"line":37,"column":4},"end":{"line":39,"column":7}},"line":37},"8":{"name":"(anonymous_8)","decl":{"start":{"line":37,"column":8},"end":{"line":37,"column":9}},"loc":{"start":{"line":37,"column":18},"end":{"line":39,"column":5}},"line":37},"9":{"name":"(anonymous_9)","decl":{"start":{"line":38,"column":33},"end":{"line":38,"column":34}},"loc":{"start":{"line":38,"column":39},"end":{"line":38,"column":68}},"line":38},"10":{"name":"(anonymous_10)","decl":{"start":{"line":40,"column":15},"end":{"line":40,"column":16}},"loc":{"start":{"line":41,"column":4},"end":{"line":43,"column":7}},"line":41},"11":{"name":"(anonymous_11)","decl":{"start":{"line":41,"column":8},"end":{"line":41,"column":9}},"loc":{"start":{"line":41,"column":18},"end":{"line":43,"column":5}},"line":41},"12":{"name":"(anonymous_12)","decl":{"start":{"line":42,"column":36},"end":{"line":42,"column":37}},"loc":{"start":{"line":42,"column":41},"end":{"line":42,"column":52}},"line":42},"13":{"name":"(anonymous_13)","decl":{"start":{"line":44,"column":21},"end":{"line":44,"column":22}},"loc":{"start":{"line":44,"column":34},"end":{"line":44,"column":52}},"line":44},"14":{"name":"(anonymous_14)","decl":{"start":{"line":45,"column":19},"end":{"line":45,"column":20}},"loc":{"start":{"line":45,"column":28},"end":{"line":45,"column":42}},"line":45},"15":{"name":"(anonymous_15)","decl":{"start":{"line":46,"column":19},"end":{"line":46,"column":20}},"loc":{"start":{"line":46,"column":27},"end":{"line":46,"column":54}},"line":46},"16":{"name":"(anonymous_16)","decl":{"start":{"line":47,"column":13},"end":{"line":47,"column":14}},"loc":{"start":{"line":47,"column":23},"end":{"line":47,"column":38}},"line":47}},"branchMap":{"0":{"loc":{"start":{"line":38,"column":39},"end":{"line":38,"column":68}},"type":"cond-expr","locations":[{"start":{"line":38,"column":59},"end":{"line":38,"column":64}},{"start":{"line":38,"column":67},"end":{"line":38,"column":68}}],"line":38}},"s":{"0":7,"1":7,"2":5,"3":1,"4":3,"5":5,"6":1,"7":1,"8":1,"9":1,"10":2,"11":1,"12":1,"13":2,"14":1,"15":1,"16":3,"17":2},"f":{"0":7,"1":5,"2":1,"3":3,"4":5,"5":1,"6":1,"7":1,"8":1,"9":2,"10":1,"11":1,"12":2,"13":1,"14":1,"15":3,"16":2},"b":{"0":[1,1]},"_coverageSchema":"1a1c01bbd47fc00a2c39e90264f33305004495a9","hash":"04a2d94e647e1bf6094d099d306a52bb27e18491"}
,"/Users/dev/Desktop/Projects/RNTP/src/types/auth.ts": {"path":"/Users/dev/Desktop/Projects/RNTP/src/types/auth.ts","statementMap":{},"fnMap":{},"branchMap":{},"s":{},"f":{},"b":{}}
,"/Users/dev/Desktop/Projects/RNTP/src/utils/constants.ts": {"path":"/Users/dev/Desktop/Projects/RNTP/src/utils/constants.ts","statementMap":{"0":{"start":{"line":3,"column":52},"end":{"line":48,"column":1}}},"fnMap":{},"branchMap":{},"s":{"0":0},"f":{},"b":{}}
,"/Users/dev/Desktop/Projects/RNTP/src/utils/dateUtils.ts": {"path":"/Users/dev/Desktop/Projects/RNTP/src/utils/dateUtils.ts","statementMap":{"0":{"start":{"line":1,"column":26},"end":{"line":8,"column":1}},"1":{"start":{"line":2,"column":15},"end":{"line":2,"column":35}},"2":{"start":{"line":3,"column":2},"end":{"line":7,"column":5}}},"fnMap":{"0":{"name":"(anonymous_0)","decl":{"start":{"line":1,"column":26},"end":{"line":1,"column":27}},"loc":{"start":{"line":1,"column":58},"end":{"line":8,"column":1}},"line":1}},"branchMap":{},"s":{"0":5,"1":78,"2":78},"f":{"0":78},"b":{},"_coverageSchema":"1a1c01bbd47fc00a2c39e90264f33305004495a9","hash":"83956a31e38dc3ec750a5820034fd6fd298affdd"}
,"/Users/dev/Desktop/Projects/RNTP/src/utils/moodUtils.ts": {"path":"/Users/dev/Desktop/Projects/RNTP/src/utils/moodUtils.ts","statementMap":{"0":{"start":{"line":1,"column":29},"end":{"line":14,"column":1}},"1":{"start":{"line":2,"column":52},"end":{"line":11,"column":3}},"2":{"start":{"line":12,"column":25},"end":{"line":12,"column":83}},"3":{"start":{"line":13,"column":2},"end":{"line":13,"column":64}},"4":{"start":{"line":16,"column":28},"end":{"line":29,"column":1}},"5":{"start":{"line":17,"column":46},"end":{"line":26,"column":3}},"6":{"start":{"line":27,"column":25},"end":{"line":27,"column":83}},"7":{"start":{"line":28,"column":2},"end":{"line":28,"column":42}}},"fnMap":{"0":{"name":"(anonymous_0)","decl":{"start":{"line":1,"column":29},"end":{"line":1,"column":30}},"loc":{"start":{"line":1,"column":57},"end":{"line":14,"column":1}},"line":1},"1":{"name":"(anonymous_1)","decl":{"start":{"line":16,"column":28},"end":{"line":16,"column":29}},"loc":{"start":{"line":16,"column":54},"end":{"line":29,"column":1}},"line":16}},"branchMap":{"0":{"loc":{"start":{"line":13,"column":9},"end":{"line":13,"column":63}},"type":"binary-expr","locations":[{"start":{"line":13,"column":9},"end":{"line":13,"column":37}},{"start":{"line":13,"column":41},"end":{"line":13,"column":63}}],"line":13},"1":{"loc":{"start":{"line":28,"column":9},"end":{"line":28,"column":41}},"type":"binary-expr","locations":[{"start":{"line":28,"column":9},"end":{"line":28,"column":33}},{"start":{"line":28,"column":37},"end":{"line":28,"column":41}}],"line":28}},"s":{"0":4,"1":73,"2":73,"3":73,"4":4,"5":81,"6":81,"7":81},"f":{"0":73,"1":81},"b":{"0":[73,1],"1":[81,1]},"_coverageSchema":"1a1c01bbd47fc00a2c39e90264f33305004495a9","hash":"ee96d9573196cacfdc1d9f17458f0731c8de0b34"}
}
