TN:
SF:src/components/AnimatedCard.tsx
FN:14,(anonymous_0)
FN:24,(anonymous_1)
FN:42,(anonymous_2)
FNF:3
FNH:3
FNDA:71,(anonymous_0)
FNDA:35,(anonymous_1)
FNDA:3,(anonymous_2)
DA:14,3
DA:21,71
DA:22,71
DA:24,71
DA:25,35
DA:42,71
DA:43,3
DA:44,3
DA:56,3
DA:60,71
DA:87,3
LF:11
LH:11
BRDA:17,0,0,6
BRDA:19,1,0,6
BRDA:43,2,0,3
BRDA:43,2,1,0
BRF:4
BRH:3
end_of_record
TN:
SF:src/components/Button.tsx
FN:16,(anonymous_0)
FN:27,(anonymous_1)
FN:34,(anonymous_2)
FN:41,(anonymous_3)
FNF:4
FNH:4
FNDA:212,(anonymous_0)
FNDA:1,(anonymous_1)
FNDA:1,(anonymous_2)
FNDA:22,(anonymous_3)
DA:16,6
DA:25,212
DA:27,212
DA:28,1
DA:34,212
DA:35,1
DA:41,212
DA:42,22
DA:43,22
DA:47,212
DA:48,122
DA:78,90
DA:107,6
LF:13
LH:13
BRDA:17,0,0,122
BRDA:19,1,0,97
BRDA:20,2,0,178
BRDA:23,3,0,211
BRDA:42,4,0,22
BRDA:42,4,1,0
BRDA:42,5,0,22
BRDA:42,5,1,22
BRDA:47,6,0,122
BRDA:47,6,1,90
BRDA:56,7,0,122
BRDA:56,7,1,99
BRDA:61,8,0,27
BRDA:61,8,1,95
BRDA:61,9,0,122
BRDA:61,9,1,99
BRDA:67,10,0,10
BRDA:67,10,1,112
BRDA:86,11,0,90
BRDA:86,11,1,90
BRDA:87,12,0,90
BRDA:87,12,1,9
BRDA:89,13,0,0
BRDA:89,13,1,90
BRDA:95,14,0,90
BRDA:95,14,1,9
BRDA:96,15,0,90
BRDA:96,15,1,81
BRF:28
BRH:26
end_of_record
TN:
SF:src/components/CustomInput.tsx
FN:34,(anonymous_0)
FN:52,(anonymous_1)
FN:92,(anonymous_2)
FN:133,(anonymous_3)
FNF:4
FNH:3
FNDA:371,(anonymous_0)
FNDA:7,(anonymous_1)
FNDA:2,(anonymous_2)
FNDA:0,(anonymous_3)
DA:34,5
DA:49,371
DA:50,371
DA:52,371
DA:53,7
DA:54,7
DA:57,371
DA:59,371
DA:92,2
DA:133,0
DA:142,5
LF:11
LH:10
BRDA:40,0,0,246
BRDA:41,1,0,290
BRDA:42,2,0,204
BRDA:44,3,0,247
BRDA:46,4,0,338
BRDA:63,5,0,371
BRDA:63,5,1,2
BRDA:70,6,0,371
BRDA:70,6,1,2
BRDA:71,7,0,371
BRDA:71,7,1,12
BRDA:72,8,0,371
BRDA:72,8,1,33
BRDA:75,9,0,33
BRDA:75,9,1,0
BRDA:79,10,0,371
BRDA:79,10,1,290
BRDA:84,11,0,11
BRDA:84,11,1,279
BRDA:84,12,0,0
BRDA:84,12,1,279
BRDA:89,13,0,232
BRDA:89,13,1,139
BRDA:89,14,0,371
BRDA:89,14,1,369
BRDA:94,15,0,371
BRDA:94,15,1,125
BRDA:106,16,0,371
BRDA:106,16,1,2
BRDA:107,17,0,371
BRDA:107,17,1,338
BRDA:111,18,0,12
BRDA:111,18,1,359
BRDA:124,19,0,371
BRDA:124,19,1,234
BRDA:124,19,2,217
BRDA:127,20,0,371
BRDA:127,20,1,124
BRDA:129,21,0,0
BRDA:129,21,1,124
BRDA:131,22,0,6
BRDA:131,22,1,118
BRDA:131,23,0,0
BRDA:131,23,1,118
BRDA:137,24,0,371
BRDA:137,24,1,12
BRF:46
BRH:42
end_of_record
TN:
SF:src/components/GradientBackground.tsx
FN:13,(anonymous_0)
FNF:1
FNH:1
FNDA:7,(anonymous_0)
DA:5,1
DA:13,1
DA:18,7
DA:30,1
LF:4
LH:4
BRDA:15,0,0,6
BRF:1
BRH:1
end_of_record
TN:
SF:src/components/JournalEntryCard.tsx
FN:15,(anonymous_0)
FNF:1
FNH:1
FNDA:64,(anonymous_0)
DA:15,2
DA:20,64
DA:22,64
DA:65,2
LF:4
LH:4
BRDA:18,0,0,63
BRDA:26,1,0,63
BRDA:26,1,1,1
BRDA:44,2,0,64
BRDA:44,2,1,63
BRF:5
BRH:5
end_of_record
TN:
SF:src/config/api.ts
FN:6,(anonymous_0)
FN:24,(anonymous_1)
FN:35,(anonymous_2)
FN:53,(anonymous_3)
FN:60,(anonymous_4)
FN:66,(anonymous_5)
FN:69,(anonymous_6)
FNF:7
FNH:0
FNDA:0,(anonymous_0)
FNDA:0,(anonymous_1)
FNDA:0,(anonymous_2)
FNDA:0,(anonymous_3)
FNDA:0,(anonymous_4)
FNDA:0,(anonymous_5)
FNDA:0,(anonymous_6)
DA:4,4
DA:6,4
DA:7,0
DA:8,0
DA:9,0
DA:12,0
DA:14,0
DA:15,0
DA:18,0
DA:20,0
DA:24,4
DA:25,0
DA:26,0
DA:28,0
DA:29,0
DA:31,0
DA:35,4
DA:36,0
DA:37,0
DA:38,0
DA:40,0
DA:44,4
DA:52,4
DA:54,0
DA:55,0
DA:56,0
DA:58,0
DA:61,0
DA:65,4
DA:67,0
DA:70,0
DA:71,0
DA:73,0
LF:33
LH:7
BRDA:8,0,0,0
BRDA:8,0,1,0
BRDA:14,1,0,0
BRDA:14,1,1,0
BRDA:45,2,0,4
BRDA:45,2,1,4
BRDA:55,3,0,0
BRDA:55,3,1,0
BRDA:70,4,0,0
BRDA:70,4,1,0
BRF:10
BRH:2
end_of_record
TN:
SF:src/constants/backgroundElements.tsx
FN:6,(anonymous_0)
FNF:1
FNH:1
FNDA:167,(anonymous_0)
DA:4,6
DA:6,6
DA:7,167
DA:26,6
LF:4
LH:4
BRF:0
BRH:0
end_of_record
TN:
SF:src/screens/JournalDetailScreen.tsx
FN:12,(anonymous_0)
FN:19,(anonymous_1)
FN:20,(anonymous_2)
FN:22,(anonymous_3)
FN:44,(anonymous_4)
FN:48,(anonymous_5)
FN:55,(anonymous_6)
FN:59,(anonymous_7)
FN:74,(anonymous_8)
FN:75,(anonymous_9)
FN:94,(anonymous_10)
FN:106,(anonymous_11)
FN:142,(anonymous_12)
FN:147,(anonymous_13)
FN:152,(anonymous_14)
FN:159,(anonymous_15)
FN:177,(anonymous_16)
FN:186,(anonymous_17)
FNF:18
FNH:4
FNDA:7,(anonymous_0)
FNDA:7,(anonymous_1)
FNDA:7,(anonymous_2)
FNDA:0,(anonymous_3)
FNDA:7,(anonymous_4)
FNDA:0,(anonymous_5)
FNDA:0,(anonymous_6)
FNDA:0,(anonymous_7)
FNDA:0,(anonymous_8)
FNDA:0,(anonymous_9)
FNDA:0,(anonymous_10)
FNDA:0,(anonymous_11)
FNDA:0,(anonymous_12)
FNDA:0,(anonymous_13)
FNDA:0,(anonymous_14)
FNDA:0,(anonymous_15)
FNDA:0,(anonymous_16)
FNDA:0,(anonymous_17)
DA:12,1
DA:13,7
DA:14,7
DA:15,7
DA:16,7
DA:17,7
DA:18,7
DA:19,7
DA:20,7
DA:22,7
DA:23,0
DA:24,0
DA:25,0
DA:26,0
DA:27,0
DA:28,0
DA:30,0
DA:31,0
DA:32,0
DA:34,0
DA:36,0
DA:38,0
DA:39,0
DA:40,0
DA:44,7
DA:45,7
DA:46,0
DA:48,0
DA:49,0
DA:50,0
DA:51,0
DA:55,0
DA:59,7
DA:60,0
DA:61,0
DA:62,0
DA:67,0
DA:68,0
DA:69,0
DA:71,0
DA:72,0
DA:74,0
DA:75,0
DA:76,0
DA:77,0
DA:78,0
DA:84,0
DA:90,0
DA:94,7
DA:95,0
DA:107,0
DA:108,0
DA:109,0
DA:110,0
DA:111,0
DA:113,0
DA:120,0
DA:128,7
DA:142,0
DA:147,0
DA:153,0
DA:154,0
DA:160,0
DA:161,0
DA:178,0
DA:187,0
DA:254,1
LF:67
LH:16
BRDA:25,0,0,0
BRDA:25,0,1,0
BRDA:25,1,0,0
BRDA:25,1,1,0
BRDA:45,2,0,0
BRDA:45,2,1,7
BRDA:45,3,0,7
BRDA:45,3,1,0
BRDA:50,4,0,0
BRDA:50,4,1,0
BRDA:71,5,0,0
BRDA:71,5,1,0
BRDA:71,6,0,0
BRDA:71,6,1,0
BRDA:77,7,0,0
BRDA:77,7,1,0
BRDA:115,8,0,0
BRDA:115,8,1,0
BRDA:168,9,0,0
BRDA:168,9,1,7
BRDA:213,10,0,0
BRDA:213,10,1,7
BRDA:223,11,0,6
BRDA:223,11,1,1
BRF:24
BRH:6
end_of_record
TN:
SF:src/screens/JournalListScreen.tsx
FN:11,(anonymous_0)
FN:14,(anonymous_1)
FN:15,(anonymous_2)
FN:16,(anonymous_3)
FN:17,(anonymous_4)
FN:18,(anonymous_5)
FN:19,(anonymous_6)
FN:21,(anonymous_7)
FN:37,(anonymous_8)
FN:42,(anonymous_9)
FN:43,(anonymous_10)
FN:54,(anonymous_11)
FN:54,(anonymous_12)
FN:58,(anonymous_13)
FN:61,(anonymous_14)
FN:75,(anonymous_15)
FN:76,(anonymous_16)
FN:79,(anonymous_17)
FN:91,(anonymous_18)
FN:93,(anonymous_19)
FN:99,(anonymous_20)
FN:107,(anonymous_21)
FN:130,(anonymous_22)
FN:138,(anonymous_23)
FNF:24
FNH:20
FNDA:36,(anonymous_0)
FNDA:36,(anonymous_1)
FNDA:36,(anonymous_2)
FNDA:36,(anonymous_3)
FNDA:36,(anonymous_4)
FNDA:36,(anonymous_5)
FNDA:36,(anonymous_6)
FNDA:12,(anonymous_7)
FNDA:12,(anonymous_8)
FNDA:60,(anonymous_9)
FNDA:24,(anonymous_10)
FNDA:60,(anonymous_11)
FNDA:60,(anonymous_12)
FNDA:54,(anonymous_13)
FNDA:1,(anonymous_14)
FNDA:70,(anonymous_15)
FNDA:60,(anonymous_16)
FNDA:2,(anonymous_17)
FNDA:0,(anonymous_18)
FNDA:0,(anonymous_19)
FNDA:0,(anonymous_20)
FNDA:0,(anonymous_21)
FNDA:64,(anonymous_22)
FNDA:1,(anonymous_23)
DA:11,1
DA:12,36
DA:13,36
DA:14,36
DA:15,36
DA:16,36
DA:17,36
DA:18,36
DA:19,36
DA:21,36
DA:22,12
DA:23,12
DA:24,12
DA:25,11
DA:27,1
DA:33,12
DA:37,36
DA:38,12
DA:41,36
DA:42,60
DA:44,24
DA:45,24
DA:49,0
DA:52,36
DA:54,60
DA:58,36
DA:59,54
DA:61,1
DA:65,36
DA:75,70
DA:77,60
DA:80,2
DA:91,0
DA:93,0
DA:100,0
DA:101,0
DA:108,0
DA:109,0
DA:130,64
DA:138,1
DA:145,1
LF:41
LH:34
BRDA:42,0,0,60
BRDA:42,0,1,12
BRDA:44,1,0,24
BRDA:44,1,1,0
BRDA:49,2,0,0
BRDA:49,2,1,0
BRDA:49,3,0,0
BRDA:49,3,1,0
BRDA:70,4,0,36
BRDA:70,4,1,30
BRDA:80,5,0,1
BRDA:80,5,1,1
BRDA:94,6,0,30
BRDA:94,6,1,0
BRDA:117,7,0,6
BRDA:117,7,1,30
BRF:16
BRH:10
end_of_record
TN:
SF:src/screens/LoginScreen.tsx
FN:11,(anonymous_0)
FN:22,(anonymous_1)
FN:32,(anonymous_2)
FN:39,(anonymous_3)
FN:41,(anonymous_4)
FN:48,(anonymous_5)
FN:55,(anonymous_6)
FN:60,(anonymous_7)
FN:65,(anonymous_8)
FN:133,(anonymous_9)
FN:141,(anonymous_10)
FNF:11
FNH:11
FNDA:7,(anonymous_0)
FNDA:8,(anonymous_1)
FNDA:39,(anonymous_2)
FNDA:117,(anonymous_3)
FNDA:8,(anonymous_4)
FNDA:8,(anonymous_5)
FNDA:2,(anonymous_6)
FNDA:3,(anonymous_7)
FNDA:5,(anonymous_8)
FNDA:1,(anonymous_9)
FNDA:1,(anonymous_10)
DA:11,1
DA:12,7
DA:13,1
DA:15,6
DA:16,6
DA:17,3
DA:19,3
DA:22,1
DA:23,8
DA:24,4
DA:26,4
DA:27,1
DA:29,3
DA:32,1
DA:33,39
DA:34,39
DA:35,39
DA:36,39
DA:37,39
DA:38,39
DA:39,117
DA:41,39
DA:42,8
DA:43,8
DA:44,1
DA:48,39
DA:49,8
DA:50,8
DA:51,1
DA:55,39
DA:56,2
DA:57,2
DA:60,39
DA:61,3
DA:62,3
DA:65,39
DA:66,5
DA:67,5
DA:69,5
DA:70,5
DA:72,5
DA:73,2
DA:74,2
DA:77,3
DA:78,3
DA:79,3
DA:81,3
DA:83,2
DA:84,2
DA:87,1
DA:93,3
DA:97,39
DA:133,1
DA:141,1
DA:151,1
LF:55
LH:55
BRDA:12,0,0,1
BRDA:12,0,1,6
BRDA:16,1,0,3
BRDA:16,1,1,3
BRDA:23,2,0,4
BRDA:23,2,1,4
BRDA:26,3,0,1
BRDA:26,3,1,3
BRDA:43,4,0,1
BRDA:43,4,1,7
BRDA:50,5,0,1
BRDA:50,5,1,7
BRDA:72,6,0,2
BRDA:72,6,1,3
BRDA:72,7,0,5
BRDA:72,7,1,3
BRDA:83,8,0,2
BRDA:83,8,1,0
BRF:18
BRH:17
end_of_record
TN:
SF:src/screens/NewJournalScreen.tsx
FN:11,(anonymous_0)
FN:15,(anonymous_1)
FN:17,(anonymous_2)
FNF:3
FNH:3
FNDA:32,(anonymous_0)
FNDA:32,(anonymous_1)
FNDA:5,(anonymous_2)
DA:11,1
DA:12,32
DA:13,32
DA:14,32
DA:15,32
DA:17,32
DA:18,5
DA:20,5
DA:21,5
DA:23,5
DA:25,4
DA:26,4
DA:28,1
DA:34,5
DA:38,32
DA:83,1
LF:16
LH:16
BRDA:18,0,0,0
BRDA:18,0,1,5
BRDA:18,1,0,5
BRDA:18,1,1,5
BRDA:62,2,0,32
BRDA:62,2,1,5
BRDA:72,3,0,32
BRDA:72,3,1,22
BRDA:72,3,2,16
BRF:9
BRH:8
end_of_record
TN:
SF:src/screens/ProfileScreen.tsx
FN:18,(anonymous_0)
FN:39,(anonymous_1)
FN:40,(anonymous_2)
FN:49,(anonymous_3)
FN:74,(anonymous_4)
FN:86,(anonymous_5)
FN:126,(anonymous_6)
FN:127,(anonymous_7)
FN:128,(anonymous_8)
FN:129,(anonymous_9)
FN:130,(anonymous_10)
FN:136,(anonymous_11)
FN:137,(anonymous_12)
FN:144,(anonymous_13)
FN:149,(anonymous_14)
FN:165,(anonymous_15)
FN:172,(anonymous_16)
FN:176,(anonymous_17)
FN:188,(anonymous_18)
FN:191,(anonymous_19)
FN:219,(anonymous_20)
FN:222,(anonymous_21)
FN:227,(anonymous_22)
FN:228,(anonymous_23)
FN:235,(anonymous_24)
FN:248,(anonymous_25)
FN:260,(anonymous_26)
FN:277,(anonymous_27)
FN:284,(anonymous_28)
FN:373,(anonymous_29)
FNF:30
FNH:12
FNDA:32,(anonymous_0)
FNDA:0,(anonymous_1)
FNDA:0,(anonymous_2)
FNDA:0,(anonymous_3)
FNDA:0,(anonymous_4)
FNDA:0,(anonymous_5)
FNDA:8,(anonymous_6)
FNDA:25,(anonymous_7)
FNDA:25,(anonymous_8)
FNDA:25,(anonymous_9)
FNDA:25,(anonymous_10)
FNDA:7,(anonymous_11)
FNDA:0,(anonymous_12)
FNDA:0,(anonymous_13)
FNDA:0,(anonymous_14)
FNDA:0,(anonymous_15)
FNDA:0,(anonymous_16)
FNDA:0,(anonymous_17)
FNDA:0,(anonymous_18)
FNDA:0,(anonymous_19)
FNDA:7,(anonymous_20)
FNDA:0,(anonymous_21)
FNDA:0,(anonymous_22)
FNDA:0,(anonymous_23)
FNDA:0,(anonymous_24)
FNDA:2,(anonymous_25)
FNDA:2,(anonymous_26)
FNDA:8,(anonymous_27)
FNDA:8,(anonymous_28)
FNDA:0,(anonymous_29)
DA:15,1
DA:18,1
DA:24,32
DA:39,1
DA:40,0
DA:41,0
DA:42,0
DA:44,0
DA:45,0
DA:46,0
DA:47,0
DA:49,0
DA:50,0
DA:53,0
DA:61,0
DA:64,0
DA:65,0
DA:66,0
DA:68,0
DA:75,0
DA:87,0
DA:88,0
DA:92,0
DA:126,1
DA:127,25
DA:128,25
DA:129,25
DA:130,25
DA:132,8
DA:133,8
DA:136,8
DA:137,7
DA:138,0
DA:141,7
DA:142,0
DA:144,0
DA:145,0
DA:146,0
DA:147,0
DA:149,0
DA:150,0
DA:153,0
DA:154,0
DA:155,0
DA:157,0
DA:159,0
DA:160,0
DA:161,0
DA:165,0
DA:166,0
DA:167,0
DA:168,0
DA:172,0
DA:176,8
DA:177,0
DA:178,0
DA:179,0
DA:180,0
DA:182,0
DA:184,0
DA:188,8
DA:189,0
DA:191,0
DA:192,0
DA:195,0
DA:196,0
DA:197,0
DA:199,0
DA:200,0
DA:201,0
DA:203,0
DA:204,0
DA:206,0
DA:207,0
DA:208,0
DA:209,0
DA:210,0
DA:212,0
DA:216,0
DA:219,8
DA:220,7
DA:221,7
DA:222,0
DA:225,7
DA:227,0
DA:229,0
DA:230,0
DA:234,7
DA:235,0
DA:238,7
DA:240,7
DA:248,8
DA:249,2
DA:261,2
DA:262,2
DA:263,1
DA:265,1
DA:277,8
DA:278,8
DA:279,5
DA:280,5
DA:281,5
DA:284,8
DA:285,8
DA:286,5
DA:288,3
DA:291,8
DA:374,0
DA:413,1
LF:109
LH:40
BRDA:30,0,0,32
BRDA:30,0,1,16
BRDA:55,1,0,0
BRDA:55,1,1,0
BRDA:56,2,0,0
BRDA:56,2,1,0
BRDA:88,3,0,0
BRDA:88,3,1,0
BRDA:95,4,0,0
BRDA:95,4,1,0
BRDA:102,5,0,0
BRDA:102,5,1,0
BRDA:138,6,0,0
BRDA:138,6,1,0
BRDA:141,7,0,0
BRDA:141,7,1,7
BRDA:150,8,0,0
BRDA:150,8,1,0
BRDA:153,9,0,0
BRDA:153,9,1,0
BRDA:167,10,0,0
BRDA:167,10,1,0
BRDA:189,11,0,0
BRDA:189,11,1,0
BRDA:206,12,0,0
BRDA:206,12,1,0
BRDA:209,13,0,0
BRDA:209,13,1,0
BRDA:221,14,0,0
BRDA:221,14,1,7
BRDA:222,15,0,0
BRDA:222,15,1,0
BRDA:225,16,0,0
BRDA:225,16,1,7
BRDA:229,17,0,0
BRDA:229,17,1,0
BRDA:234,18,0,0
BRDA:234,18,1,7
BRDA:235,19,0,0
BRDA:235,19,1,0
BRDA:238,20,0,0
BRDA:238,20,1,7
BRDA:278,21,0,3
BRDA:278,21,1,5
BRDA:278,22,0,8
BRDA:278,22,1,3
BRDA:279,23,0,5
BRDA:279,23,1,0
BRDA:280,24,0,5
BRDA:280,24,1,0
BRDA:285,25,0,5
BRDA:285,25,1,3
BRDA:285,26,0,8
BRDA:285,26,1,3
BRDA:286,27,0,5
BRDA:286,27,1,0
BRDA:286,28,0,5
BRDA:286,28,1,0
BRDA:288,29,0,3
BRDA:288,29,1,3
BRDA:309,30,0,8
BRDA:309,30,1,0
BRDA:355,31,0,8
BRDA:355,31,1,0
BRDA:365,32,0,8
BRDA:365,32,1,0
BRDA:377,33,0,0
BRDA:377,33,1,0
BRDA:383,34,0,0
BRDA:383,34,1,0
BRF:70
BRH:24
end_of_record
TN:
SF:src/screens/SignUpScreen.tsx
FN:11,(anonymous_0)
FN:20,(anonymous_1)
FN:22,(anonymous_2)
FN:125,(anonymous_3)
FN:133,(anonymous_4)
FNF:5
FNH:5
FNDA:45,(anonymous_0)
FNDA:134,(anonymous_1)
FNDA:6,(anonymous_2)
FNDA:1,(anonymous_3)
FNDA:1,(anonymous_4)
DA:11,1
DA:12,45
DA:13,45
DA:14,45
DA:15,45
DA:16,45
DA:17,45
DA:18,45
DA:20,134
DA:22,45
DA:23,6
DA:24,2
DA:25,2
DA:28,4
DA:29,1
DA:30,1
DA:33,3
DA:34,3
DA:35,3
DA:37,3
DA:45,1
DA:46,1
DA:48,0
DA:49,0
DA:58,1
DA:64,2
DA:68,45
DA:125,1
DA:133,1
DA:143,1
LF:30
LH:28
BRDA:23,0,0,2
BRDA:23,0,1,4
BRDA:23,1,0,6
BRDA:23,1,1,4
BRDA:23,1,2,4
BRDA:23,1,3,4
BRDA:23,1,4,4
BRDA:28,2,0,1
BRDA:28,2,1,3
BRDA:45,3,0,1
BRDA:45,3,1,0
BRDA:51,4,0,0
BRDA:51,4,1,0
BRDA:60,5,0,1
BRDA:60,5,1,0
BRF:15
BRH:11
end_of_record
TN:
SF:src/services/auth.ts
FN:5,(anonymous_0)
FN:27,(anonymous_1)
FN:47,(anonymous_2)
FNF:3
FNH:3
FNDA:3,(anonymous_0)
FNDA:4,(anonymous_1)
FNDA:2,(anonymous_2)
DA:4,1
DA:6,3
DA:7,3
DA:12,1
DA:13,1
DA:14,1
DA:17,1
DA:19,2
DA:23,2
DA:28,4
DA:29,4
DA:34,2
DA:35,1
DA:37,1
DA:40,2
DA:42,2
DA:43,2
DA:48,2
DA:49,2
DA:51,0
DA:52,0
DA:53,0
LF:22
LH:19
BRDA:12,0,0,1
BRDA:12,0,1,0
BRDA:21,1,0,2
BRDA:21,1,1,1
BRDA:23,2,0,2
BRDA:23,2,1,1
BRDA:34,3,0,1
BRDA:34,3,1,1
BRDA:42,4,0,2
BRDA:42,4,1,1
BRDA:43,5,0,2
BRDA:43,5,1,1
BRF:12
BRH:11
end_of_record
TN:
SF:src/services/journal.ts
FN:5,(anonymous_0)
FN:16,(anonymous_1)
FN:27,(anonymous_2)
FN:41,(anonymous_3)
FN:58,(anonymous_4)
FNF:5
FNH:5
FNDA:3,(anonymous_0)
FNDA:2,(anonymous_1)
FNDA:2,(anonymous_2)
FNDA:2,(anonymous_3)
FNDA:2,(anonymous_4)
DA:4,5
DA:6,3
DA:7,3
DA:8,1
DA:10,2
DA:17,2
DA:18,2
DA:19,1
DA:21,1
DA:28,2
DA:29,2
DA:33,1
DA:35,1
DA:45,2
DA:46,2
DA:50,1
DA:52,1
DA:59,2
DA:60,2
DA:62,1
LF:20
LH:20
BRDA:11,0,0,2
BRDA:11,0,1,1
BRDA:22,1,0,1
BRDA:22,1,1,0
BRDA:36,2,0,1
BRDA:36,2,1,0
BRDA:53,3,0,1
BRDA:53,3,1,0
BRDA:63,4,0,1
BRDA:63,4,1,0
BRF:10
BRH:6
end_of_record
TN:
SF:src/store/useStore.ts
FN:21,(anonymous_0)
FN:30,(anonymous_1)
FN:31,(anonymous_2)
FN:32,(anonymous_3)
FN:34,(anonymous_4)
FN:35,(anonymous_5)
FN:35,(anonymous_6)
FN:36,(anonymous_7)
FN:37,(anonymous_8)
FN:38,(anonymous_9)
FN:40,(anonymous_10)
FN:41,(anonymous_11)
FN:42,(anonymous_12)
FN:44,(anonymous_13)
FN:45,(anonymous_14)
FN:46,(anonymous_15)
FN:47,(anonymous_16)
FNF:17
FNH:17
FNDA:7,(anonymous_0)
FNDA:5,(anonymous_1)
FNDA:1,(anonymous_2)
FNDA:3,(anonymous_3)
FNDA:5,(anonymous_4)
FNDA:1,(anonymous_5)
FNDA:1,(anonymous_6)
FNDA:1,(anonymous_7)
FNDA:1,(anonymous_8)
FNDA:2,(anonymous_9)
FNDA:1,(anonymous_10)
FNDA:1,(anonymous_11)
FNDA:2,(anonymous_12)
FNDA:1,(anonymous_13)
FNDA:1,(anonymous_14)
FNDA:3,(anonymous_15)
FNDA:2,(anonymous_16)
DA:21,7
DA:30,5
DA:31,1
DA:32,3
DA:34,5
DA:35,1
DA:37,1
DA:38,2
DA:41,1
DA:42,2
DA:44,1
DA:45,1
DA:46,3
DA:47,2
LF:14
LH:14
BRDA:38,0,0,1
BRDA:38,0,1,1
BRF:2
BRH:2
end_of_record
TN:
SF:src/types/auth.ts
FNF:0
FNH:0
LF:0
LH:0
BRF:0
BRH:0
end_of_record
TN:
SF:src/utils/constants.ts
FNF:0
FNH:0
DA:3,0
LF:1
LH:0
BRF:0
BRH:0
end_of_record
TN:
SF:src/utils/dateUtils.ts
FN:1,(anonymous_0)
FNF:1
FNH:1
FNDA:78,(anonymous_0)
DA:1,5
DA:2,78
DA:3,78
LF:3
LH:3
BRF:0
BRH:0
end_of_record
TN:
SF:src/utils/moodUtils.ts
FN:1,(anonymous_0)
FN:16,(anonymous_1)
FNF:2
FNH:2
FNDA:73,(anonymous_0)
FNDA:81,(anonymous_1)
DA:1,4
DA:2,73
DA:12,73
DA:13,73
DA:16,4
DA:17,81
DA:27,81
DA:28,81
LF:8
LH:8
BRDA:13,0,0,73
BRDA:13,0,1,1
BRDA:28,1,0,81
BRDA:28,1,1,1
BRF:4
BRH:4
end_of_record
